15:42:17,851  INFO DefaultTestContextBootstrapper:248 - Loaded default TestExecutionListener class names from location [META-INF/spring.factories]: [org.springframework.test.context.web.ServletTestExecutionListener, org.springframework.test.context.support.DirtiesContextBeforeModesTestExecutionListener, org.springframework.test.context.support.DependencyInjectionTestExecutionListener, org.springframework.test.context.support.DirtiesContextTestExecutionListener, org.springframework.test.context.transaction.TransactionalTestExecutionListener, org.springframework.test.context.jdbc.SqlScriptsTestExecutionListener]
15:42:17,866  INFO DefaultTestContextBootstrapper:174 - Using TestExecutionListeners: [org.springframework.test.context.web.ServletTestExecutionListener@1a968a59, org.springframework.test.context.support.DirtiesContextBeforeModesTestExecutionListener@4667ae56, org.springframework.test.context.support.DependencyInjectionTestExecutionListener@77cd7a0, org.springframework.test.context.support.DirtiesContextTestExecutionListener@204f30ec, org.springframework.test.context.transaction.TransactionalTestExecutionListener@e25b2fe, org.springframework.test.context.jdbc.SqlScriptsTestExecutionListener@754ba872]
15:42:17,929  INFO XmlBeanDefinitionReader:317 - Loading XML bean definitions from file [E:\workspace_sts_3.9.6\springMVC03_JSON_ssm_paging\build\classes\spring-base.xml]
15:42:18,069  INFO XmlBeanDefinitionReader:317 - Loading XML bean definitions from file [E:\workspace_sts_3.9.6\springMVC03_JSON_ssm_paging\build\classes\spring-dao_Druid.xml]
15:42:18,100  INFO XmlBeanDefinitionReader:317 - Loading XML bean definitions from file [E:\workspace_sts_3.9.6\springMVC03_JSON_ssm_paging\build\classes\spring-mvc.xml]
15:42:18,147  INFO GenericApplicationContext:583 - Refreshing org.springframework.context.support.GenericApplicationContext@6c3708b3: startup date [Sat Nov 24 15:42:18 CST 2018]; root of context hierarchy
15:42:18,693  INFO RequestMappingHandlerMapping:543 - Mapped "{[/search.do]}" onto public org.springframework.web.servlet.ModelAndView com.tfl.controller.SearchController.doSearch(java.lang.String,java.lang.String,java.lang.Integer,javax.servlet.http.HttpSession)
15:42:18,693  INFO RequestMappingHandlerMapping:543 - Mapped "{[/search1.do]}" onto public com.tfl.pojo.Paging<com.tfl.pojo.User> com.tfl.controller.SearchController.doSearch(java.lang.String,java.lang.Integer,java.lang.String,javax.servlet.http.HttpSession)
15:42:18,911  INFO RequestMappingHandlerAdapter:556 - Looking for @ControllerAdvice: org.springframework.context.support.GenericApplicationContext@6c3708b3: startup date [Sat Nov 24 15:42:18 CST 2018]; root of context hierarchy
15:42:18,943  INFO RequestMappingHandlerAdapter:556 - Looking for @ControllerAdvice: org.springframework.context.support.GenericApplicationContext@6c3708b3: startup date [Sat Nov 24 15:42:18 CST 2018]; root of context hierarchy
15:42:18,989  INFO RequestMappingHandlerAdapter:556 - Looking for @ControllerAdvice: org.springframework.context.support.GenericApplicationContext@6c3708b3: startup date [Sat Nov 24 15:42:18 CST 2018]; root of context hierarchy
15:42:19,161  INFO DruidDataSource:715 - {dataSource-1} inited
15:42:19,379  INFO GenericApplicationContext:984 - Closing org.springframework.context.support.GenericApplicationContext@6c3708b3: startup date [Sat Nov 24 15:42:18 CST 2018]; root of context hierarchy
15:42:19,379  INFO DruidDataSource:1444 - {dataSource-1} closed
16:26:54,771  INFO DefaultTestContextBootstrapper:248 - Loaded default TestExecutionListener class names from location [META-INF/spring.factories]: [org.springframework.test.context.web.ServletTestExecutionListener, org.springframework.test.context.support.DirtiesContextBeforeModesTestExecutionListener, org.springframework.test.context.support.DependencyInjectionTestExecutionListener, org.springframework.test.context.support.DirtiesContextTestExecutionListener, org.springframework.test.context.transaction.TransactionalTestExecutionListener, org.springframework.test.context.jdbc.SqlScriptsTestExecutionListener]
16:26:54,787  INFO DefaultTestContextBootstrapper:174 - Using TestExecutionListeners: [org.springframework.test.context.web.ServletTestExecutionListener@4f933fd1, org.springframework.test.context.support.DirtiesContextBeforeModesTestExecutionListener@548a9f61, org.springframework.test.context.support.DependencyInjectionTestExecutionListener@1753acfe, org.springframework.test.context.support.DirtiesContextTestExecutionListener@7c16905e, org.springframework.test.context.transaction.TransactionalTestExecutionListener@2a2d45ba, org.springframework.test.context.jdbc.SqlScriptsTestExecutionListener@2a5ca609]
16:26:54,849  INFO XmlBeanDefinitionReader:317 - Loading XML bean definitions from file [E:\workspace_sts_3.9.6\springMVC03_JSON_ssm_paging\build\classes\spring-base.xml]
16:26:55,005  INFO XmlBeanDefinitionReader:317 - Loading XML bean definitions from file [E:\workspace_sts_3.9.6\springMVC03_JSON_ssm_paging\build\classes\spring-dao_Druid.xml]
16:26:55,026  INFO XmlBeanDefinitionReader:317 - Loading XML bean definitions from file [E:\workspace_sts_3.9.6\springMVC03_JSON_ssm_paging\build\classes\spring-mvc.xml]
16:26:55,088  INFO GenericApplicationContext:583 - Refreshing org.springframework.context.support.GenericApplicationContext@589838eb: startup date [Sat Nov 24 16:26:55 CST 2018]; root of context hierarchy
16:26:55,634  INFO RequestMappingHandlerMapping:543 - Mapped "{[/search.do]}" onto public org.springframework.web.servlet.ModelAndView com.tfl.controller.SearchController.doSearch(java.lang.String,java.lang.String,java.lang.Integer,javax.servlet.http.HttpSession)
16:26:55,634  INFO RequestMappingHandlerMapping:543 - Mapped "{[/search1.do]}" onto public com.tfl.pojo.Paging<com.tfl.pojo.User> com.tfl.controller.SearchController.doSearch(java.lang.String,java.lang.Integer,java.lang.String,javax.servlet.http.HttpSession)
16:26:55,868  INFO RequestMappingHandlerAdapter:556 - Looking for @ControllerAdvice: org.springframework.context.support.GenericApplicationContext@589838eb: startup date [Sat Nov 24 16:26:55 CST 2018]; root of context hierarchy
16:26:55,915  INFO RequestMappingHandlerAdapter:556 - Looking for @ControllerAdvice: org.springframework.context.support.GenericApplicationContext@589838eb: startup date [Sat Nov 24 16:26:55 CST 2018]; root of context hierarchy
16:26:55,946  INFO RequestMappingHandlerAdapter:556 - Looking for @ControllerAdvice: org.springframework.context.support.GenericApplicationContext@589838eb: startup date [Sat Nov 24 16:26:55 CST 2018]; root of context hierarchy
16:26:56,126  INFO DruidDataSource:715 - {dataSource-1} inited
16:26:56,360  INFO GenericApplicationContext:984 - Closing org.springframework.context.support.GenericApplicationContext@589838eb: startup date [Sat Nov 24 16:26:55 CST 2018]; root of context hierarchy
16:26:56,360  INFO DruidDataSource:1444 - {dataSource-1} closed
16:29:31,110  INFO DefaultTestContextBootstrapper:248 - Loaded default TestExecutionListener class names from location [META-INF/spring.factories]: [org.springframework.test.context.web.ServletTestExecutionListener, org.springframework.test.context.support.DirtiesContextBeforeModesTestExecutionListener, org.springframework.test.context.support.DependencyInjectionTestExecutionListener, org.springframework.test.context.support.DirtiesContextTestExecutionListener, org.springframework.test.context.transaction.TransactionalTestExecutionListener, org.springframework.test.context.jdbc.SqlScriptsTestExecutionListener]
16:29:31,126  INFO DefaultTestContextBootstrapper:174 - Using TestExecutionListeners: [org.springframework.test.context.web.ServletTestExecutionListener@8bd1b6a, org.springframework.test.context.support.DirtiesContextBeforeModesTestExecutionListener@18be83e4, org.springframework.test.context.support.DependencyInjectionTestExecutionListener@cb5822, org.springframework.test.context.support.DirtiesContextTestExecutionListener@4b9e13df, org.springframework.test.context.transaction.TransactionalTestExecutionListener@2b98378d, org.springframework.test.context.jdbc.SqlScriptsTestExecutionListener@475530b9]
16:29:31,188  INFO XmlBeanDefinitionReader:317 - Loading XML bean definitions from file [E:\workspace_sts_3.9.6\springMVC03_JSON_ssm_paging\build\classes\spring-base.xml]
16:29:31,344  INFO XmlBeanDefinitionReader:317 - Loading XML bean definitions from file [E:\workspace_sts_3.9.6\springMVC03_JSON_ssm_paging\build\classes\spring-dao_Druid.xml]
16:29:31,360  INFO XmlBeanDefinitionReader:317 - Loading XML bean definitions from file [E:\workspace_sts_3.9.6\springMVC03_JSON_ssm_paging\build\classes\spring-mvc.xml]
16:29:31,422  INFO GenericApplicationContext:583 - Refreshing org.springframework.context.support.GenericApplicationContext@5cb9f472: startup date [Sat Nov 24 16:29:31 CST 2018]; root of context hierarchy
16:29:32,015  INFO RequestMappingHandlerMapping:543 - Mapped "{[/search.do]}" onto public org.springframework.web.servlet.ModelAndView com.tfl.controller.SearchController.doSearch(java.lang.String,java.lang.String,java.lang.Integer,javax.servlet.http.HttpSession)
16:29:32,016  INFO RequestMappingHandlerMapping:543 - Mapped "{[/search1.do]}" onto public com.tfl.pojo.Paging<com.tfl.pojo.User> com.tfl.controller.SearchController.doSearch(java.lang.String,java.lang.Integer,java.lang.String,javax.servlet.http.HttpSession)
16:29:32,221  INFO RequestMappingHandlerAdapter:556 - Looking for @ControllerAdvice: org.springframework.context.support.GenericApplicationContext@5cb9f472: startup date [Sat Nov 24 16:29:31 CST 2018]; root of context hierarchy
16:29:32,268  INFO RequestMappingHandlerAdapter:556 - Looking for @ControllerAdvice: org.springframework.context.support.GenericApplicationContext@5cb9f472: startup date [Sat Nov 24 16:29:31 CST 2018]; root of context hierarchy
16:29:32,299  INFO RequestMappingHandlerAdapter:556 - Looking for @ControllerAdvice: org.springframework.context.support.GenericApplicationContext@5cb9f472: startup date [Sat Nov 24 16:29:31 CST 2018]; root of context hierarchy
16:29:32,470  INFO DruidDataSource:715 - {dataSource-1} inited
16:29:32,704  INFO GenericApplicationContext:984 - Closing org.springframework.context.support.GenericApplicationContext@5cb9f472: startup date [Sat Nov 24 16:29:31 CST 2018]; root of context hierarchy
16:29:32,704  INFO DruidDataSource:1444 - {dataSource-1} closed
18:05:16,131  INFO DefaultTestContextBootstrapper:248 - Loaded default TestExecutionListener class names from location [META-INF/spring.factories]: [org.springframework.test.context.web.ServletTestExecutionListener, org.springframework.test.context.support.DirtiesContextBeforeModesTestExecutionListener, org.springframework.test.context.support.DependencyInjectionTestExecutionListener, org.springframework.test.context.support.DirtiesContextTestExecutionListener, org.springframework.test.context.transaction.TransactionalTestExecutionListener, org.springframework.test.context.jdbc.SqlScriptsTestExecutionListener]
18:05:16,147  INFO DefaultTestContextBootstrapper:174 - Using TestExecutionListeners: [org.springframework.test.context.web.ServletTestExecutionListener@8bd1b6a, org.springframework.test.context.support.DirtiesContextBeforeModesTestExecutionListener@18be83e4, org.springframework.test.context.support.DependencyInjectionTestExecutionListener@cb5822, org.springframework.test.context.support.DirtiesContextTestExecutionListener@4b9e13df, org.springframework.test.context.transaction.TransactionalTestExecutionListener@2b98378d, org.springframework.test.context.jdbc.SqlScriptsTestExecutionListener@475530b9]
18:05:16,209  INFO XmlBeanDefinitionReader:317 - Loading XML bean definitions from file [E:\workspace_sts_3.9.6\springMVC03_JSON_ssm_paging\build\classes\spring-base.xml]
18:05:16,365  INFO XmlBeanDefinitionReader:317 - Loading XML bean definitions from file [E:\workspace_sts_3.9.6\springMVC03_JSON_ssm_paging\build\classes\spring-dao_Druid.xml]
18:05:16,381  INFO XmlBeanDefinitionReader:317 - Loading XML bean definitions from file [E:\workspace_sts_3.9.6\springMVC03_JSON_ssm_paging\build\classes\spring-mvc.xml]
18:05:16,443  INFO GenericApplicationContext:583 - Refreshing org.springframework.context.support.GenericApplicationContext@5cb9f472: startup date [Sun Nov 25 18:05:16 CST 2018]; root of context hierarchy
18:05:17,098  INFO RequestMappingHandlerMapping:543 - Mapped "{[/search.do]}" onto public org.springframework.web.servlet.ModelAndView com.tfl.controller.SearchController.doSearch(java.lang.String,java.lang.String,java.lang.Integer,javax.servlet.http.HttpSession)
18:05:17,098  INFO RequestMappingHandlerMapping:543 - Mapped "{[/search1.do]}" onto public com.tfl.pojo.Paging<com.tfl.pojo.User> com.tfl.controller.SearchController.doSearch(java.lang.String,java.lang.Integer,java.lang.String,javax.servlet.http.HttpSession)
18:05:17,410  INFO RequestMappingHandlerAdapter:556 - Looking for @ControllerAdvice: org.springframework.context.support.GenericApplicationContext@5cb9f472: startup date [Sun Nov 25 18:05:16 CST 2018]; root of context hierarchy
18:05:17,442  INFO RequestMappingHandlerAdapter:556 - Looking for @ControllerAdvice: org.springframework.context.support.GenericApplicationContext@5cb9f472: startup date [Sun Nov 25 18:05:16 CST 2018]; root of context hierarchy
18:05:17,473  INFO RequestMappingHandlerAdapter:556 - Looking for @ControllerAdvice: org.springframework.context.support.GenericApplicationContext@5cb9f472: startup date [Sun Nov 25 18:05:16 CST 2018]; root of context hierarchy
18:05:17,660  INFO DruidDataSource:715 - {dataSource-1} inited
18:05:17,878  INFO GenericApplicationContext:984 - Closing org.springframework.context.support.GenericApplicationContext@5cb9f472: startup date [Sun Nov 25 18:05:16 CST 2018]; root of context hierarchy
18:05:17,878  INFO DruidDataSource:1444 - {dataSource-1} closed
18:18:38,317  INFO DefaultTestContextBootstrapper:248 - Loaded default TestExecutionListener class names from location [META-INF/spring.factories]: [org.springframework.test.context.web.ServletTestExecutionListener, org.springframework.test.context.support.DirtiesContextBeforeModesTestExecutionListener, org.springframework.test.context.support.DependencyInjectionTestExecutionListener, org.springframework.test.context.support.DirtiesContextTestExecutionListener, org.springframework.test.context.transaction.TransactionalTestExecutionListener, org.springframework.test.context.jdbc.SqlScriptsTestExecutionListener]
18:18:38,332  INFO DefaultTestContextBootstrapper:174 - Using TestExecutionListeners: [org.springframework.test.context.web.ServletTestExecutionListener@8bd1b6a, org.springframework.test.context.support.DirtiesContextBeforeModesTestExecutionListener@18be83e4, org.springframework.test.context.support.DependencyInjectionTestExecutionListener@cb5822, org.springframework.test.context.support.DirtiesContextTestExecutionListener@4b9e13df, org.springframework.test.context.transaction.TransactionalTestExecutionListener@2b98378d, org.springframework.test.context.jdbc.SqlScriptsTestExecutionListener@475530b9]
18:18:38,410  INFO XmlBeanDefinitionReader:317 - Loading XML bean definitions from file [E:\workspace_sts_3.9.6\springMVC03_JSON_ssm_paging\build\classes\spring-base.xml]
18:18:38,551  INFO XmlBeanDefinitionReader:317 - Loading XML bean definitions from file [E:\workspace_sts_3.9.6\springMVC03_JSON_ssm_paging\build\classes\spring-dao_Druid.xml]
18:18:38,582  INFO XmlBeanDefinitionReader:317 - Loading XML bean definitions from file [E:\workspace_sts_3.9.6\springMVC03_JSON_ssm_paging\build\classes\spring-mvc.xml]
18:18:38,629  INFO GenericApplicationContext:583 - Refreshing org.springframework.context.support.GenericApplicationContext@5cb9f472: startup date [Sun Nov 25 18:18:38 CST 2018]; root of context hierarchy
18:18:39,206  INFO RequestMappingHandlerMapping:543 - Mapped "{[/search.do]}" onto public org.springframework.web.servlet.ModelAndView com.tfl.controller.SearchController.doSearch(java.lang.String,java.lang.String,java.lang.Integer,javax.servlet.http.HttpSession)
18:18:39,206  INFO RequestMappingHandlerMapping:543 - Mapped "{[/search1.do]}" onto public com.tfl.pojo.Paging<com.tfl.pojo.User> com.tfl.controller.SearchController.doSearch(java.lang.String,java.lang.Integer,java.lang.String,javax.servlet.http.HttpSession)
18:18:39,424  INFO RequestMappingHandlerAdapter:556 - Looking for @ControllerAdvice: org.springframework.context.support.GenericApplicationContext@5cb9f472: startup date [Sun Nov 25 18:18:38 CST 2018]; root of context hierarchy
18:18:39,471  INFO RequestMappingHandlerAdapter:556 - Looking for @ControllerAdvice: org.springframework.context.support.GenericApplicationContext@5cb9f472: startup date [Sun Nov 25 18:18:38 CST 2018]; root of context hierarchy
18:18:39,502  INFO RequestMappingHandlerAdapter:556 - Looking for @ControllerAdvice: org.springframework.context.support.GenericApplicationContext@5cb9f472: startup date [Sun Nov 25 18:18:38 CST 2018]; root of context hierarchy
18:18:39,674  INFO DruidDataSource:715 - {dataSource-1} inited
18:18:39,892  INFO GenericApplicationContext:984 - Closing org.springframework.context.support.GenericApplicationContext@5cb9f472: startup date [Sun Nov 25 18:18:38 CST 2018]; root of context hierarchy
18:18:39,892  INFO DruidDataSource:1444 - {dataSource-1} closed
18:19:30,607  INFO DefaultTestContextBootstrapper:248 - Loaded default TestExecutionListener class names from location [META-INF/spring.factories]: [org.springframework.test.context.web.ServletTestExecutionListener, org.springframework.test.context.support.DirtiesContextBeforeModesTestExecutionListener, org.springframework.test.context.support.DependencyInjectionTestExecutionListener, org.springframework.test.context.support.DirtiesContextTestExecutionListener, org.springframework.test.context.transaction.TransactionalTestExecutionListener, org.springframework.test.context.jdbc.SqlScriptsTestExecutionListener]
18:19:30,623  INFO DefaultTestContextBootstrapper:174 - Using TestExecutionListeners: [org.springframework.test.context.web.ServletTestExecutionListener@8bd1b6a, org.springframework.test.context.support.DirtiesContextBeforeModesTestExecutionListener@18be83e4, org.springframework.test.context.support.DependencyInjectionTestExecutionListener@cb5822, org.springframework.test.context.support.DirtiesContextTestExecutionListener@4b9e13df, org.springframework.test.context.transaction.TransactionalTestExecutionListener@2b98378d, org.springframework.test.context.jdbc.SqlScriptsTestExecutionListener@475530b9]
18:19:30,685  INFO XmlBeanDefinitionReader:317 - Loading XML bean definitions from file [E:\workspace_sts_3.9.6\springMVC03_JSON_ssm_paging\build\classes\spring-base.xml]
18:19:30,826  INFO XmlBeanDefinitionReader:317 - Loading XML bean definitions from file [E:\workspace_sts_3.9.6\springMVC03_JSON_ssm_paging\build\classes\spring-dao_Druid.xml]
18:19:30,857  INFO XmlBeanDefinitionReader:317 - Loading XML bean definitions from file [E:\workspace_sts_3.9.6\springMVC03_JSON_ssm_paging\build\classes\spring-mvc.xml]
18:19:30,904  INFO GenericApplicationContext:583 - Refreshing org.springframework.context.support.GenericApplicationContext@5cb9f472: startup date [Sun Nov 25 18:19:30 CST 2018]; root of context hierarchy
18:19:31,465  INFO RequestMappingHandlerMapping:543 - Mapped "{[/search.do]}" onto public org.springframework.web.servlet.ModelAndView com.tfl.controller.SearchController.doSearch(java.lang.String,java.lang.String,java.lang.Integer,javax.servlet.http.HttpSession)
18:19:31,465  INFO RequestMappingHandlerMapping:543 - Mapped "{[/search1.do]}" onto public com.tfl.pojo.Paging<com.tfl.pojo.User> com.tfl.controller.SearchController.doSearch(java.lang.String,java.lang.Integer,java.lang.String,javax.servlet.http.HttpSession)
18:19:31,699  INFO RequestMappingHandlerAdapter:556 - Looking for @ControllerAdvice: org.springframework.context.support.GenericApplicationContext@5cb9f472: startup date [Sun Nov 25 18:19:30 CST 2018]; root of context hierarchy
18:19:31,746  INFO RequestMappingHandlerAdapter:556 - Looking for @ControllerAdvice: org.springframework.context.support.GenericApplicationContext@5cb9f472: startup date [Sun Nov 25 18:19:30 CST 2018]; root of context hierarchy
18:19:31,777  INFO RequestMappingHandlerAdapter:556 - Looking for @ControllerAdvice: org.springframework.context.support.GenericApplicationContext@5cb9f472: startup date [Sun Nov 25 18:19:30 CST 2018]; root of context hierarchy
18:19:31,964  INFO DruidDataSource:715 - {dataSource-1} inited
18:19:32,183  INFO GenericApplicationContext:984 - Closing org.springframework.context.support.GenericApplicationContext@5cb9f472: startup date [Sun Nov 25 18:19:30 CST 2018]; root of context hierarchy
18:19:32,198  INFO DruidDataSource:1444 - {dataSource-1} closed
18:20:24,537  INFO DefaultTestContextBootstrapper:248 - Loaded default TestExecutionListener class names from location [META-INF/spring.factories]: [org.springframework.test.context.web.ServletTestExecutionListener, org.springframework.test.context.support.DirtiesContextBeforeModesTestExecutionListener, org.springframework.test.context.support.DependencyInjectionTestExecutionListener, org.springframework.test.context.support.DirtiesContextTestExecutionListener, org.springframework.test.context.transaction.TransactionalTestExecutionListener, org.springframework.test.context.jdbc.SqlScriptsTestExecutionListener]
18:20:24,553  INFO DefaultTestContextBootstrapper:174 - Using TestExecutionListeners: [org.springframework.test.context.web.ServletTestExecutionListener@8bd1b6a, org.springframework.test.context.support.DirtiesContextBeforeModesTestExecutionListener@18be83e4, org.springframework.test.context.support.DependencyInjectionTestExecutionListener@cb5822, org.springframework.test.context.support.DirtiesContextTestExecutionListener@4b9e13df, org.springframework.test.context.transaction.TransactionalTestExecutionListener@2b98378d, org.springframework.test.context.jdbc.SqlScriptsTestExecutionListener@475530b9]
18:20:24,615  INFO XmlBeanDefinitionReader:317 - Loading XML bean definitions from file [E:\workspace_sts_3.9.6\springMVC03_JSON_ssm_paging\build\classes\spring-base.xml]
18:20:24,756  INFO XmlBeanDefinitionReader:317 - Loading XML bean definitions from file [E:\workspace_sts_3.9.6\springMVC03_JSON_ssm_paging\build\classes\spring-dao_Druid.xml]
18:20:24,787  INFO XmlBeanDefinitionReader:317 - Loading XML bean definitions from file [E:\workspace_sts_3.9.6\springMVC03_JSON_ssm_paging\build\classes\spring-mvc.xml]
18:20:24,834  INFO GenericApplicationContext:583 - Refreshing org.springframework.context.support.GenericApplicationContext@5cb9f472: startup date [Sun Nov 25 18:20:24 CST 2018]; root of context hierarchy
18:20:25,411  INFO RequestMappingHandlerMapping:543 - Mapped "{[/search.do]}" onto public org.springframework.web.servlet.ModelAndView com.tfl.controller.SearchController.doSearch(java.lang.String,java.lang.String,java.lang.Integer,javax.servlet.http.HttpSession)
18:20:25,411  INFO RequestMappingHandlerMapping:543 - Mapped "{[/search1.do]}" onto public com.tfl.pojo.Paging<com.tfl.pojo.User> com.tfl.controller.SearchController.doSearch(java.lang.String,java.lang.Integer,java.lang.String,javax.servlet.http.HttpSession)
18:20:25,645  INFO RequestMappingHandlerAdapter:556 - Looking for @ControllerAdvice: org.springframework.context.support.GenericApplicationContext@5cb9f472: startup date [Sun Nov 25 18:20:24 CST 2018]; root of context hierarchy
18:20:25,676  INFO RequestMappingHandlerAdapter:556 - Looking for @ControllerAdvice: org.springframework.context.support.GenericApplicationContext@5cb9f472: startup date [Sun Nov 25 18:20:24 CST 2018]; root of context hierarchy
18:20:25,707  INFO RequestMappingHandlerAdapter:556 - Looking for @ControllerAdvice: org.springframework.context.support.GenericApplicationContext@5cb9f472: startup date [Sun Nov 25 18:20:24 CST 2018]; root of context hierarchy
18:20:25,895  INFO DruidDataSource:715 - {dataSource-1} inited
18:20:26,144  INFO GenericApplicationContext:984 - Closing org.springframework.context.support.GenericApplicationContext@5cb9f472: startup date [Sun Nov 25 18:20:24 CST 2018]; root of context hierarchy
18:20:26,144  INFO DruidDataSource:1444 - {dataSource-1} closed
18:21:54,848  INFO DefaultTestContextBootstrapper:248 - Loaded default TestExecutionListener class names from location [META-INF/spring.factories]: [org.springframework.test.context.web.ServletTestExecutionListener, org.springframework.test.context.support.DirtiesContextBeforeModesTestExecutionListener, org.springframework.test.context.support.DependencyInjectionTestExecutionListener, org.springframework.test.context.support.DirtiesContextTestExecutionListener, org.springframework.test.context.transaction.TransactionalTestExecutionListener, org.springframework.test.context.jdbc.SqlScriptsTestExecutionListener]
18:21:54,861  INFO DefaultTestContextBootstrapper:174 - Using TestExecutionListeners: [org.springframework.test.context.web.ServletTestExecutionListener@8bd1b6a, org.springframework.test.context.support.DirtiesContextBeforeModesTestExecutionListener@18be83e4, org.springframework.test.context.support.DependencyInjectionTestExecutionListener@cb5822, org.springframework.test.context.support.DirtiesContextTestExecutionListener@4b9e13df, org.springframework.test.context.transaction.TransactionalTestExecutionListener@2b98378d, org.springframework.test.context.jdbc.SqlScriptsTestExecutionListener@475530b9]
18:21:54,923  INFO XmlBeanDefinitionReader:317 - Loading XML bean definitions from file [E:\workspace_sts_3.9.6\springMVC03_JSON_ssm_paging\build\classes\spring-base.xml]
18:21:55,075  INFO XmlBeanDefinitionReader:317 - Loading XML bean definitions from file [E:\workspace_sts_3.9.6\springMVC03_JSON_ssm_paging\build\classes\spring-dao_Druid.xml]
18:21:55,100  INFO XmlBeanDefinitionReader:317 - Loading XML bean definitions from file [E:\workspace_sts_3.9.6\springMVC03_JSON_ssm_paging\build\classes\spring-mvc.xml]
18:21:55,154  INFO GenericApplicationContext:583 - Refreshing org.springframework.context.support.GenericApplicationContext@5cb9f472: startup date [Sun Nov 25 18:21:55 CST 2018]; root of context hierarchy
18:21:55,719  INFO RequestMappingHandlerMapping:543 - Mapped "{[/search.do]}" onto public org.springframework.web.servlet.ModelAndView com.tfl.controller.SearchController.doSearch(java.lang.String,java.lang.String,java.lang.Integer,javax.servlet.http.HttpSession)
18:21:55,719  INFO RequestMappingHandlerMapping:543 - Mapped "{[/search1.do]}" onto public com.tfl.pojo.Paging<com.tfl.pojo.User> com.tfl.controller.SearchController.doSearch(java.lang.String,java.lang.Integer,java.lang.String,javax.servlet.http.HttpSession)
18:21:55,953  INFO RequestMappingHandlerAdapter:556 - Looking for @ControllerAdvice: org.springframework.context.support.GenericApplicationContext@5cb9f472: startup date [Sun Nov 25 18:21:55 CST 2018]; root of context hierarchy
18:21:55,984  INFO RequestMappingHandlerAdapter:556 - Looking for @ControllerAdvice: org.springframework.context.support.GenericApplicationContext@5cb9f472: startup date [Sun Nov 25 18:21:55 CST 2018]; root of context hierarchy
18:21:56,015  INFO RequestMappingHandlerAdapter:556 - Looking for @ControllerAdvice: org.springframework.context.support.GenericApplicationContext@5cb9f472: startup date [Sun Nov 25 18:21:55 CST 2018]; root of context hierarchy
18:21:56,202  INFO DruidDataSource:715 - {dataSource-1} inited
18:21:56,421  INFO GenericApplicationContext:984 - Closing org.springframework.context.support.GenericApplicationContext@5cb9f472: startup date [Sun Nov 25 18:21:55 CST 2018]; root of context hierarchy
18:21:56,436  INFO DruidDataSource:1444 - {dataSource-1} closed
