
11月 15, 2018 10:59:29.75 NEW SESSION
11月 15, 2018 10:59:29.75 [1056:3572:1115/105929.755:ERROR:backend_impl.cc(1065)] Critical error found -8
11月 15, 2018 10:59:30.00 [1056:3572:1115/105930.004:ERROR:backend_impl.cc(1065)] Critical error found -8
11月 15, 2018 11:01:02.34 [1056:3572:1115/110102.340:ERROR:backend_impl.cc(1065)] Critical error found -8
11月 15, 2018 11:01:02.34 [1056:3572:1115/110102.340:ERROR:entry_impl.cc(1062)] No file for c1030002
11月 15, 2018 11:01:02.34 [1056:3572:1115/110102.341:ERROR:entry_impl.cc(1062)] No file for c1030006
11月 15, 2018 11:01:02.34 [1056:3572:1115/110102.341:ERROR:entry_impl.cc(985)] Failed to save user data
11月 15, 2018 14:11:25.46 [1056:208:1115/141125.463:ERROR:input_method_base.cc(146)] NOT IMPLEMENTEDUsing InputMethodKeyboardControllerStub
11月 15, 2018 17:11:50.26 [1056:1236:1115/171150.267:ERROR:ssl_client_socket_impl.cc(1061)] handshake failed; returned -1, SSL error code 1, net_error -100
11月 15, 2018 18:28:03.32 [1056:1236:1115/182803.323:ERROR:ssl_client_socket_impl.cc(1061)] handshake failed; returned -1, SSL error code 1, net_error -100
11月 15, 2018 18:44:20.77 [1056:1236:1115/184420.771:ERROR:ssl_client_socket_impl.cc(1061)] handshake failed; returned -1, SSL error code 1, net_error -101
11月 15, 2018 18:47:38.47 [1056:208:1115/184738.478:ERROR:input_method_base.cc(146)] NOT IMPLEMENTEDUsing InputMethodKeyboardControllerStub
11月 15, 2018 18:47:41.21 [1056:208:1115/184741.218:ERROR:input_method_base.cc(146)] NOT IMPLEMENTEDUsing InputMethodKeyboardControllerStub
11月 15, 2018 21:15:01.87 [1056:208:1115/211501.878:ERROR:input_method_base.cc(146)] NOT IMPLEMENTEDUsing InputMethodKeyboardControllerStub
11月 15, 2018 21:47:10.81 [1056:1236:1115/214710.818:ERROR:ssl_client_socket_impl.cc(1061)] handshake failed; returned -1, SSL error code 1, net_error -100
11月 16, 2018 16:19:15.57 [1056:1236:1116/161915.577:ERROR:ssl_client_socket_impl.cc(1061)] handshake failed; returned -1, SSL error code 1, net_error -101
11月 16, 2018 16:19:15.81 [1056:1236:1116/161915.815:ERROR:ssl_client_socket_impl.cc(1061)] handshake failed; returned -1, SSL error code 1, net_error -101
11月 16, 2018 21:01:38.25 [1056:1236:1116/210138.250:ERROR:ssl_client_socket_impl.cc(1061)] handshake failed; returned -1, SSL error code 1, net_error -101
11月 16, 2018 21:12:08.11 [1056:1236:1116/211208.115:ERROR:ssl_client_socket_impl.cc(1061)] handshake failed; returned -1, SSL error code 1, net_error -101
11月 16, 2018 22:21:38.53 [1056:1236:1116/222138.532:ERROR:ssl_client_socket_impl.cc(1061)] handshake failed; returned -1, SSL error code 1, net_error -101
11月 17, 2018 24:03:06.68 [1056:1236:1117/000306.684:ERROR:ssl_client_socket_impl.cc(1061)] handshake failed; returned -1, SSL error code 1, net_error -101
11月 17, 2018 14:45:45.73 [1056:1236:1117/144545.738:ERROR:ssl_client_socket_impl.cc(1061)] handshake failed; returned -1, SSL error code 1, net_error -101
11月 17, 2018 14:46:06.74 [1056:1236:1117/144606.748:ERROR:ssl_client_socket_impl.cc(1061)] handshake failed; returned -1, SSL error code 1, net_error -101
11月 17, 2018 14:46:29.91 [1056:1236:1117/144629.915:ERROR:ssl_client_socket_impl.cc(1061)] handshake failed; returned -1, SSL error code 1, net_error -101
11月 17, 2018 14:46:35.01 [1056:1236:1117/144635.017:ERROR:ssl_client_socket_impl.cc(1061)] handshake failed; returned -1, SSL error code 1, net_error -100
11月 17, 2018 14:47:11.93 [1056:1236:1117/144711.935:ERROR:ssl_client_socket_impl.cc(1061)] handshake failed; returned -1, SSL error code 1, net_error -101
11月 19, 2018 15:53:45.42 [1056:7972:1119/155345.426:ERROR:platform_sensor_reader_win.cc(242)] NOT IMPLEMENTED

11月 23, 2018 19:48:41.77 NEW SESSION
11月 23, 2018 19:48:41.77 [3200:4944:1123/194841.774:ERROR:input_method_base.cc(146)] NOT IMPLEMENTEDUsing InputMethodKeyboardControllerStub
11月 23, 2018 19:53:39.86 [7100:6044:1123/195339.863:ERROR:input_method_base.cc(146)] NOT IMPLEMENTEDUsing InputMethodKeyboardControllerStub
11月 23, 2018 19:55:06.89 [6572:3260:1123/195506.891:ERROR:input_method_base.cc(146)] NOT IMPLEMENTEDUsing InputMethodKeyboardControllerStub
11月 23, 2018 19:57:00.10 [7464:7468:1123/195700.104:ERROR:input_method_base.cc(146)] NOT IMPLEMENTEDUsing InputMethodKeyboardControllerStub
11月 23, 2018 20:02:26.52 [7848:6444:1123/200226.524:ERROR:CONSOLE(24)] "Empty response arrived for script 'chrome-devtools://devtools/remote/serve_file/@0f6ce0b0cd63a12cb4eccea3637b1bc9a29148d9/product_registry_impl/product_registry_impl_module.js'", source: chrome-devtools://devtools/bundled/shell.js (24)
11月 23, 2018 20:02:26.52 [7848:6444:1123/200226.524:ERROR:CONSOLE(108)] "Uncaught (in promise) Error: Could not instantiate: ProductRegistryImpl.Registry", source: chrome-devtools://devtools/bundled/shell.js (108)
11月 23, 2018 20:02:26.52 [7848:6444:1123/200226.524:ERROR:CONSOLE(108)] "Uncaught (in promise) Error: Could not instantiate: ProductRegistryImpl.Registry", source: chrome-devtools://devtools/bundled/shell.js (108)
11月 23, 2018 20:02:26.52 [7848:6444:1123/200226.524:ERROR:CONSOLE(108)] "Uncaught (in promise) Error: Could not instantiate: ProductRegistryImpl.Registry", source: chrome-devtools://devtools/bundled/shell.js (108)
11月 23, 2018 20:02:26.52 [7848:6444:1123/200226.524:ERROR:CONSOLE(108)] "Uncaught (in promise) Error: Could not instantiate: ProductRegistryImpl.Registry", source: chrome-devtools://devtools/bundled/shell.js (108)
11月 23, 2018 20:02:26.52 [7848:6444:1123/200226.524:ERROR:CONSOLE(108)] "Uncaught (in promise) Error: Could not instantiate: ProductRegistryImpl.Registry", source: chrome-devtools://devtools/bundled/shell.js (108)
11月 23, 2018 20:02:26.52 [7848:6444:1123/200226.524:ERROR:CONSOLE(108)] "Uncaught (in promise) Error: Could not instantiate: ProductRegistryImpl.Registry", source: chrome-devtools://devtools/bundled/shell.js (108)
11月 23, 2018 20:06:33.46 [3052:7632:1123/200633.467:ERROR:CONSOLE(24)] "Empty response arrived for script 'chrome-devtools://devtools/remote/serve_file/@0f6ce0b0cd63a12cb4eccea3637b1bc9a29148d9/product_registry_impl/product_registry_impl_module.js'", source: chrome-devtools://devtools/bundled/shell.js (24)
11月 23, 2018 20:06:33.46 [3052:7632:1123/200633.467:ERROR:CONSOLE(108)] "Uncaught (in promise) Error: Could not instantiate: ProductRegistryImpl.Registry", source: chrome-devtools://devtools/bundled/shell.js (108)
11月 23, 2018 20:06:33.46 [3052:7632:1123/200633.467:ERROR:CONSOLE(108)] "Uncaught (in promise) Error: Could not instantiate: ProductRegistryImpl.Registry", source: chrome-devtools://devtools/bundled/shell.js (108)
11月 23, 2018 20:06:47.36 [3052:7632:1123/200647.368:ERROR:input_method_base.cc(146)] NOT IMPLEMENTEDUsing InputMethodKeyboardControllerStub
11月 23, 2018 20:07:16.18 [3052:7632:1123/200716.188:ERROR:CONSOLE(24)] "Empty response arrived for script 'chrome-devtools://devtools/remote/serve_file/@0f6ce0b0cd63a12cb4eccea3637b1bc9a29148d9/product_registry_impl/product_registry_impl_module.js'", source: chrome-devtools://devtools/bundled/shell.js (24)
11月 23, 2018 20:07:16.18 [3052:7632:1123/200716.188:ERROR:CONSOLE(108)] "Uncaught (in promise) Error: Could not instantiate: ProductRegistryImpl.Registry", source: chrome-devtools://devtools/bundled/shell.js (108)
11月 23, 2018 20:07:16.18 [3052:7632:1123/200716.188:ERROR:CONSOLE(108)] "Uncaught (in promise) Error: Could not instantiate: ProductRegistryImpl.Registry", source: chrome-devtools://devtools/bundled/shell.js (108)
11月 23, 2018 20:07:16.18 [3052:7632:1123/200716.188:ERROR:CONSOLE(108)] "Uncaught (in promise) Error: Could not instantiate: ProductRegistryImpl.Registry", source: chrome-devtools://devtools/bundled/shell.js (108)
11月 23, 2018 20:07:16.18 [3052:7632:1123/200716.188:ERROR:CONSOLE(108)] "Uncaught (in promise) Error: Could not instantiate: ProductRegistryImpl.Registry", source: chrome-devtools://devtools/bundled/shell.js (108)
11月 23, 2018 20:07:16.18 [3052:7632:1123/200716.188:ERROR:CONSOLE(108)] "Uncaught (in promise) Error: Could not instantiate: ProductRegistryImpl.Registry", source: chrome-devtools://devtools/bundled/shell.js (108)
11月 23, 2018 20:07:16.18 [3052:7632:1123/200716.188:ERROR:CONSOLE(108)] "Uncaught (in promise) Error: Could not instantiate: ProductRegistryImpl.Registry", source: chrome-devtools://devtools/bundled/shell.js (108)
11月 23, 2018 20:07:16.18 [3052:7632:1123/200716.188:ERROR:CONSOLE(108)] "Uncaught (in promise) Error: Could not instantiate: ProductRegistryImpl.Registry", source: chrome-devtools://devtools/bundled/shell.js (108)
11月 23, 2018 20:07:16.18 [3052:7632:1123/200716.188:ERROR:CONSOLE(108)] "Uncaught (in promise) Error: Could not instantiate: ProductRegistryImpl.Registry", source: chrome-devtools://devtools/bundled/shell.js (108)
11月 23, 2018 20:07:16.18 [3052:7632:1123/200716.188:ERROR:CONSOLE(108)] "Uncaught (in promise) Error: Could not instantiate: ProductRegistryImpl.Registry", source: chrome-devtools://devtools/bundled/shell.js (108)
11月 23, 2018 20:07:16.18 [3052:7632:1123/200716.188:ERROR:CONSOLE(108)] "Uncaught (in promise) Error: Could not instantiate: ProductRegistryImpl.Registry", source: chrome-devtools://devtools/bundled/shell.js (108)
11月 23, 2018 20:07:16.18 [3052:7632:1123/200716.188:ERROR:CONSOLE(108)] "Uncaught (in promise) Error: Could not instantiate: ProductRegistryImpl.Registry", source: chrome-devtools://devtools/bundled/shell.js (108)
11月 23, 2018 20:07:16.18 [3052:7632:1123/200716.188:ERROR:CONSOLE(108)] "Uncaught (in promise) Error: Could not instantiate: ProductRegistryImpl.Registry", source: chrome-devtools://devtools/bundled/shell.js (108)
11月 23, 2018 20:07:16.18 [3052:7632:1123/200716.188:ERROR:CONSOLE(108)] "Uncaught (in promise) Error: Could not instantiate: ProductRegistryImpl.Registry", source: chrome-devtools://devtools/bundled/shell.js (108)
11月 23, 2018 20:07:16.18 [3052:7632:1123/200716.188:ERROR:CONSOLE(108)] "Uncaught (in promise) Error: Could not instantiate: ProductRegistryImpl.Registry", source: chrome-devtools://devtools/bundled/shell.js (108)
11月 23, 2018 20:07:16.18 [3052:7632:1123/200716.188:ERROR:CONSOLE(108)] "Uncaught (in promise) Error: Could not instantiate: ProductRegistryImpl.Registry", source: chrome-devtools://devtools/bundled/shell.js (108)
11月 23, 2018 20:07:16.18 [3052:7632:1123/200716.188:ERROR:CONSOLE(108)] "Uncaught (in promise) Error: Could not instantiate: ProductRegistryImpl.Registry", source: chrome-devtools://devtools/bundled/shell.js (108)
11月 23, 2018 20:07:16.18 [3052:7632:1123/200716.188:ERROR:CONSOLE(108)] "Uncaught (in promise) Error: Could not instantiate: ProductRegistryImpl.Registry", source: chrome-devtools://devtools/bundled/shell.js (108)
11月 23, 2018 20:07:16.18 [3052:7632:1123/200716.188:ERROR:CONSOLE(108)] "Uncaught (in promise) Error: Could not instantiate: ProductRegistryImpl.Registry", source: chrome-devtools://devtools/bundled/shell.js (108)
11月 23, 2018 20:07:16.18 [3052:7632:1123/200716.188:ERROR:CONSOLE(108)] "Uncaught (in promise) Error: Could not instantiate: ProductRegistryImpl.Registry", source: chrome-devtools://devtools/bundled/shell.js (108)
11月 23, 2018 20:07:16.18 [3052:7632:1123/200716.188:ERROR:CONSOLE(108)] "Uncaught (in promise) Error: Could not instantiate: ProductRegistryImpl.Registry", source: chrome-devtools://devtools/bundled/shell.js (108)
11月 23, 2018 20:07:16.18 [3052:7632:1123/200716.188:ERROR:CONSOLE(108)] "Uncaught (in promise) Error: Could not instantiate: ProductRegistryImpl.Registry", source: chrome-devtools://devtools/bundled/shell.js (108)
11月 23, 2018 20:07:16.18 [3052:7632:1123/200716.188:ERROR:CONSOLE(108)] "Uncaught (in promise) Error: Could not instantiate: ProductRegistryImpl.Registry", source: chrome-devtools://devtools/bundled/shell.js (108)
11月 23, 2018 20:07:16.18 [3052:7632:1123/200716.188:ERROR:CONSOLE(108)] "Uncaught (in promise) Error: Could not instantiate: ProductRegistryImpl.Registry", source: chrome-devtools://devtools/bundled/shell.js (108)
11月 23, 2018 20:07:16.18 [3052:7632:1123/200716.188:ERROR:CONSOLE(108)] "Uncaught (in promise) Error: Could not instantiate: ProductRegistryImpl.Registry", source: chrome-devtools://devtools/bundled/shell.js (108)
11月 23, 2018 20:07:16.18 [3052:7632:1123/200716.188:ERROR:CONSOLE(108)] "Uncaught (in promise) Error: Could not instantiate: ProductRegistryImpl.Registry", source: chrome-devtools://devtools/bundled/shell.js (108)
11月 23, 2018 20:07:16.18 [3052:7632:1123/200716.188:ERROR:CONSOLE(108)] "Uncaught (in promise) Error: Could not instantiate: ProductRegistryImpl.Registry", source: chrome-devtools://devtools/bundled/shell.js (108)
11月 23, 2018 20:07:16.18 [3052:7632:1123/200716.188:ERROR:CONSOLE(108)] "Uncaught (in promise) Error: Could not instantiate: ProductRegistryImpl.Registry", source: chrome-devtools://devtools/bundled/shell.js (108)
11月 23, 2018 20:07:16.18 [3052:7632:1123/200716.188:ERROR:CONSOLE(108)] "Uncaught (in promise) Error: Could not instantiate: ProductRegistryImpl.Registry", source: chrome-devtools://devtools/bundled/shell.js (108)
11月 23, 2018 20:07:16.18 [3052:7632:1123/200716.188:ERROR:CONSOLE(108)] "Uncaught (in promise) Error: Could not instantiate: ProductRegistryImpl.Registry", source: chrome-devtools://devtools/bundled/shell.js (108)
11月 23, 2018 20:07:16.18 [3052:7632:1123/200716.188:ERROR:CONSOLE(108)] "Uncaught (in promise) Error: Could not instantiate: ProductRegistryImpl.Registry", source: chrome-devtools://devtools/bundled/shell.js (108)
11月 23, 2018 20:07:16.18 [3052:7632:1123/200716.188:ERROR:CONSOLE(108)] "Uncaught (in promise) Error: Could not instantiate: ProductRegistryImpl.Registry", source: chrome-devtools://devtools/bundled/shell.js (108)
11月 23, 2018 20:07:16.18 [3052:7632:1123/200716.188:ERROR:CONSOLE(108)] "Uncaught (in promise) Error: Could not instantiate: ProductRegistryImpl.Registry", source: chrome-devtools://devtools/bundled/shell.js (108)
11月 23, 2018 20:07:16.18 [3052:7632:1123/200716.188:ERROR:CONSOLE(108)] "Uncaught (in promise) Error: Could not instantiate: ProductRegistryImpl.Registry", source: chrome-devtools://devtools/bundled/shell.js (108)
11月 23, 2018 20:07:16.18 [3052:7632:1123/200716.188:ERROR:CONSOLE(108)] "Uncaught (in promise) Error: Could not instantiate: ProductRegistryImpl.Registry", source: chrome-devtools://devtools/bundled/shell.js (108)
11月 23, 2018 20:07:16.18 [3052:7632:1123/200716.188:ERROR:CONSOLE(108)] "Uncaught (in promise) Error: Could not instantiate: ProductRegistryImpl.Registry", source: chrome-devtools://devtools/bundled/shell.js (108)
11月 23, 2018 20:07:16.18 [3052:7632:1123/200716.188:ERROR:CONSOLE(108)] "Uncaught (in promise) Error: Could not instantiate: ProductRegistryImpl.Registry", source: chrome-devtools://devtools/bundled/shell.js (108)
11月 23, 2018 20:07:16.18 [3052:7632:1123/200716.188:ERROR:CONSOLE(108)] "Uncaught (in promise) Error: Could not instantiate: ProductRegistryImpl.Registry", source: chrome-devtools://devtools/bundled/shell.js (108)
11月 23, 2018 20:07:16.18 [3052:7632:1123/200716.188:ERROR:CONSOLE(108)] "Uncaught (in promise) Error: Could not instantiate: ProductRegistryImpl.Registry", source: chrome-devtools://devtools/bundled/shell.js (108)
11月 23, 2018 20:07:16.18 [3052:7632:1123/200716.188:ERROR:CONSOLE(108)] "Uncaught (in promise) Error: Could not instantiate: ProductRegistryImpl.Registry", source: chrome-devtools://devtools/bundled/shell.js (108)
11月 23, 2018 20:07:16.18 [3052:7632:1123/200716.188:ERROR:CONSOLE(108)] "Uncaught (in promise) Error: Could not instantiate: ProductRegistryImpl.Registry", source: chrome-devtools://devtools/bundled/shell.js (108)
11月 23, 2018 20:07:16.18 [3052:7632:1123/200716.188:ERROR:CONSOLE(108)] "Uncaught (in promise) Error: Could not instantiate: ProductRegistryImpl.Registry", source: chrome-devtools://devtools/bundled/shell.js (108)
11月 23, 2018 20:07:16.18 [3052:7632:1123/200716.188:ERROR:CONSOLE(108)] "Uncaught (in promise) Error: Could not instantiate: ProductRegistryImpl.Registry", source: chrome-devtools://devtools/bundled/shell.js (108)
11月 23, 2018 20:07:16.18 [3052:7632:1123/200716.188:ERROR:CONSOLE(108)] "Uncaught (in promise) Error: Could not instantiate: ProductRegistryImpl.Registry", source: chrome-devtools://devtools/bundled/shell.js (108)
11月 23, 2018 20:07:16.18 [3052:7632:1123/200716.188:ERROR:CONSOLE(108)] "Uncaught (in promise) Error: Could not instantiate: ProductRegistryImpl.Registry", source: chrome-devtools://devtools/bundled/shell.js (108)
11月 23, 2018 20:07:16.18 [3052:7632:1123/200716.188:ERROR:CONSOLE(108)] "Uncaught (in promise) Error: Could not instantiate: ProductRegistryImpl.Registry", source: chrome-devtools://devtools/bundled/shell.js (108)
11月 23, 2018 20:07:16.18 [3052:7632:1123/200716.188:ERROR:CONSOLE(108)] "Uncaught (in promise) Error: Could not instantiate: ProductRegistryImpl.Registry", source: chrome-devtools://devtools/bundled/shell.js (108)
11月 23, 2018 20:07:16.18 [3052:7632:1123/200716.188:ERROR:CONSOLE(108)] "Uncaught (in promise) Error: Could not instantiate: ProductRegistryImpl.Registry", source: chrome-devtools://devtools/bundled/shell.js (108)
11月 23, 2018 20:07:16.18 [3052:7632:1123/200716.188:ERROR:CONSOLE(108)] "Uncaught (in promise) Error: Could not instantiate: ProductRegistryImpl.Registry", source: chrome-devtools://devtools/bundled/shell.js (108)
11月 23, 2018 20:07:16.18 [3052:7632:1123/200716.188:ERROR:CONSOLE(108)] "Uncaught (in promise) Error: Could not instantiate: ProductRegistryImpl.Registry", source: chrome-devtools://devtools/bundled/shell.js (108)
11月 23, 2018 20:07:16.18 [3052:7632:1123/200716.188:ERROR:CONSOLE(108)] "Uncaught (in promise) Error: Could not instantiate: ProductRegistryImpl.Registry", source: chrome-devtools://devtools/bundled/shell.js (108)
11月 23, 2018 20:07:16.18 [3052:7632:1123/200716.188:ERROR:CONSOLE(108)] "Uncaught (in promise) Error: Could not instantiate: ProductRegistryImpl.Registry", source: chrome-devtools://devtools/bundled/shell.js (108)
11月 23, 2018 20:07:16.18 [3052:7632:1123/200716.188:ERROR:CONSOLE(108)] "Uncaught (in promise) Error: Could not instantiate: ProductRegistryImpl.Registry", source: chrome-devtools://devtools/bundled/shell.js (108)
11月 23, 2018 20:07:16.18 [3052:7632:1123/200716.188:ERROR:CONSOLE(108)] "Uncaught (in promise) Error: Could not instantiate: ProductRegistryImpl.Registry", source: chrome-devtools://devtools/bundled/shell.js (108)
11月 23, 2018 20:07:16.18 [3052:7632:1123/200716.188:ERROR:CONSOLE(108)] "Uncaught (in promise) Error: Could not instantiate: ProductRegistryImpl.Registry", source: chrome-devtools://devtools/bundled/shell.js (108)
11月 23, 2018 20:07:16.18 [3052:7632:1123/200716.188:ERROR:CONSOLE(108)] "Uncaught (in promise) Error: Could not instantiate: ProductRegistryImpl.Registry", source: chrome-devtools://devtools/bundled/shell.js (108)
11月 23, 2018 20:07:16.18 [3052:7632:1123/200716.188:ERROR:CONSOLE(108)] "Uncaught (in promise) Error: Could not instantiate: ProductRegistryImpl.Registry", source: chrome-devtools://devtools/bundled/shell.js (108)
11月 23, 2018 20:07:16.18 [3052:7632:1123/200716.188:ERROR:CONSOLE(108)] "Uncaught (in promise) Error: Could not instantiate: ProductRegistryImpl.Registry", source: chrome-devtools://devtools/bundled/shell.js (108)
11月 23, 2018 20:07:16.18 [3052:7632:1123/200716.188:ERROR:CONSOLE(108)] "Uncaught (in promise) Error: Could not instantiate: ProductRegistryImpl.Registry", source: chrome-devtools://devtools/bundled/shell.js (108)
11月 23, 2018 20:07:16.18 [3052:7632:1123/200716.188:ERROR:CONSOLE(108)] "Uncaught (in promise) Error: Could not instantiate: ProductRegistryImpl.Registry", source: chrome-devtools://devtools/bundled/shell.js (108)
11月 23, 2018 20:07:16.18 [3052:7632:1123/200716.188:ERROR:CONSOLE(108)] "Uncaught (in promise) Error: Could not instantiate: ProductRegistryImpl.Registry", source: chrome-devtools://devtools/bundled/shell.js (108)
11月 23, 2018 20:07:16.18 [3052:7632:1123/200716.188:ERROR:CONSOLE(108)] "Uncaught (in promise) Error: Could not instantiate: ProductRegistryImpl.Registry", source: chrome-devtools://devtools/bundled/shell.js (108)
11月 23, 2018 20:07:16.18 [3052:7632:1123/200716.188:ERROR:CONSOLE(108)] "Uncaught (in promise) Error: Could not instantiate: ProductRegistryImpl.Registry", source: chrome-devtools://devtools/bundled/shell.js (108)
11月 23, 2018 20:07:16.18 [3052:7632:1123/200716.188:ERROR:CONSOLE(108)] "Uncaught (in promise) Error: Could not instantiate: ProductRegistryImpl.Registry", source: chrome-devtools://devtools/bundled/shell.js (108)
11月 23, 2018 20:07:16.18 [3052:7632:1123/200716.188:ERROR:CONSOLE(108)] "Uncaught (in promise) Error: Could not instantiate: ProductRegistryImpl.Registry", source: chrome-devtools://devtools/bundled/shell.js (108)
11月 23, 2018 20:07:16.18 [3052:7632:1123/200716.188:ERROR:CONSOLE(108)] "Uncaught (in promise) Error: Could not instantiate: ProductRegistryImpl.Registry", source: chrome-devtools://devtools/bundled/shell.js (108)
11月 23, 2018 20:07:16.18 [3052:7632:1123/200716.188:ERROR:CONSOLE(108)] "Uncaught (in promise) Error: Could not instantiate: ProductRegistryImpl.Registry", source: chrome-devtools://devtools/bundled/shell.js (108)
11月 23, 2018 20:07:16.18 [3052:7632:1123/200716.188:ERROR:CONSOLE(108)] "Uncaught (in promise) Error: Could not instantiate: ProductRegistryImpl.Registry", source: chrome-devtools://devtools/bundled/shell.js (108)
11月 23, 2018 20:07:16.18 [3052:7632:1123/200716.188:ERROR:CONSOLE(108)] "Uncaught (in promise) Error: Could not instantiate: ProductRegistryImpl.Registry", source: chrome-devtools://devtools/bundled/shell.js (108)
11月 23, 2018 20:07:16.18 [3052:7632:1123/200716.188:ERROR:CONSOLE(108)] "Uncaught (in promise) Error: Could not instantiate: ProductRegistryImpl.Registry", source: chrome-devtools://devtools/bundled/shell.js (108)
11月 23, 2018 20:07:16.18 [3052:7632:1123/200716.188:ERROR:CONSOLE(108)] "Uncaught (in promise) Error: Could not instantiate: ProductRegistryImpl.Registry", source: chrome-devtools://devtools/bundled/shell.js (108)
11月 23, 2018 20:07:16.18 [3052:7632:1123/200716.188:ERROR:CONSOLE(108)] "Uncaught (in promise) Error: Could not instantiate: ProductRegistryImpl.Registry", source: chrome-devtools://devtools/bundled/shell.js (108)
11月 23, 2018 20:07:16.18 [3052:7632:1123/200716.188:ERROR:CONSOLE(108)] "Uncaught (in promise) Error: Could not instantiate: ProductRegistryImpl.Registry", source: chrome-devtools://devtools/bundled/shell.js (108)
11月 23, 2018 20:07:16.18 [3052:7632:1123/200716.188:ERROR:CONSOLE(108)] "Uncaught (in promise) Error: Could not instantiate: ProductRegistryImpl.Registry", source: chrome-devtools://devtools/bundled/shell.js (108)
11月 23, 2018 20:07:16.18 [3052:7632:1123/200716.188:ERROR:CONSOLE(108)] "Uncaught (in promise) Error: Could not instantiate: ProductRegistryImpl.Registry", source: chrome-devtools://devtools/bundled/shell.js (108)
11月 23, 2018 20:07:16.18 [3052:7632:1123/200716.188:ERROR:CONSOLE(108)] "Uncaught (in promise) Error: Could not instantiate: ProductRegistryImpl.Registry", source: chrome-devtools://devtools/bundled/shell.js (108)
11月 23, 2018 20:07:16.18 [3052:7632:1123/200716.188:ERROR:CONSOLE(108)] "Uncaught (in promise) Error: Could not instantiate: ProductRegistryImpl.Registry", source: chrome-devtools://devtools/bundled/shell.js (108)
11月 23, 2018 20:07:16.18 [3052:7632:1123/200716.188:ERROR:CONSOLE(108)] "Uncaught (in promise) Error: Could not instantiate: ProductRegistryImpl.Registry", source: chrome-devtools://devtools/bundled/shell.js (108)
11月 23, 2018 20:07:16.18 [3052:7632:1123/200716.188:ERROR:CONSOLE(108)] "Uncaught (in promise) Error: Could not instantiate: ProductRegistryImpl.Registry", source: chrome-devtools://devtools/bundled/shell.js (108)
11月 23, 2018 20:07:16.18 [3052:7632:1123/200716.188:ERROR:CONSOLE(108)] "Uncaught (in promise) Error: Could not instantiate: ProductRegistryImpl.Registry", source: chrome-devtools://devtools/bundled/shell.js (108)
11月 23, 2018 20:07:16.18 [3052:7632:1123/200716.188:ERROR:CONSOLE(108)] "Uncaught (in promise) Error: Could not instantiate: ProductRegistryImpl.Registry", source: chrome-devtools://devtools/bundled/shell.js (108)
11月 23, 2018 20:07:16.20 [3052:7632:1123/200716.188:ERROR:CONSOLE(108)] "Uncaught (in promise) Error: Could not instantiate: ProductRegistryImpl.Registry", source: chrome-devtools://devtools/bundled/shell.js (108)
11月 23, 2018 20:07:16.20 [3052:7632:1123/200716.188:ERROR:CONSOLE(108)] "Uncaught (in promise) Error: Could not instantiate: ProductRegistryImpl.Registry", source: chrome-devtools://devtools/bundled/shell.js (108)
11月 23, 2018 20:07:16.20 [3052:7632:1123/200716.188:ERROR:CONSOLE(108)] "Uncaught (in promise) Error: Could not instantiate: ProductRegistryImpl.Registry", source: chrome-devtools://devtools/bundled/shell.js (108)
11月 23, 2018 20:07:16.20 [3052:7632:1123/200716.188:ERROR:CONSOLE(108)] "Uncaught (in promise) Error: Could not instantiate: ProductRegistryImpl.Registry", source: chrome-devtools://devtools/bundled/shell.js (108)
11月 23, 2018 20:07:16.20 [3052:7632:1123/200716.188:ERROR:CONSOLE(108)] "Uncaught (in promise) Error: Could not instantiate: ProductRegistryImpl.Registry", source: chrome-devtools://devtools/bundled/shell.js (108)
11月 23, 2018 20:07:16.20 [3052:7632:1123/200716.188:ERROR:CONSOLE(108)] "Uncaught (in promise) Error: Could not instantiate: ProductRegistryImpl.Registry", source: chrome-devtools://devtools/bundled/shell.js (108)
11月 23, 2018 20:07:16.20 [3052:7632:1123/200716.188:ERROR:CONSOLE(108)] "Uncaught (in promise) Error: Could not instantiate: ProductRegistryImpl.Registry", source: chrome-devtools://devtools/bundled/shell.js (108)
11月 23, 2018 20:07:16.20 [3052:7632:1123/200716.188:ERROR:CONSOLE(108)] "Uncaught (in promise) Error: Could not instantiate: ProductRegistryImpl.Registry", source: chrome-devtools://devtools/bundled/shell.js (108)
11月 23, 2018 20:07:16.20 [3052:7632:1123/200716.188:ERROR:CONSOLE(108)] "Uncaught (in promise) Error: Could not instantiate: ProductRegistryImpl.Registry", source: chrome-devtools://devtools/bundled/shell.js (108)
11月 23, 2018 20:07:16.20 [3052:7632:1123/200716.188:ERROR:CONSOLE(108)] "Uncaught (in promise) Error: Could not instantiate: ProductRegistryImpl.Registry", source: chrome-devtools://devtools/bundled/shell.js (108)
11月 23, 2018 20:07:16.20 [3052:7632:1123/200716.188:ERROR:CONSOLE(108)] "Uncaught (in promise) Error: Could not instantiate: ProductRegistryImpl.Registry", source: chrome-devtools://devtools/bundled/shell.js (108)
11月 23, 2018 20:07:16.20 [3052:7632:1123/200716.188:ERROR:CONSOLE(108)] "Uncaught (in promise) Error: Could not instantiate: ProductRegistryImpl.Registry", source: chrome-devtools://devtools/bundled/shell.js (108)
11月 23, 2018 20:07:16.20 [3052:7632:1123/200716.188:ERROR:CONSOLE(108)] "Uncaught (in promise) Error: Could not instantiate: ProductRegistryImpl.Registry", source: chrome-devtools://devtools/bundled/shell.js (108)
11月 23, 2018 20:07:16.20 [3052:7632:1123/200716.188:ERROR:CONSOLE(108)] "Uncaught (in promise) Error: Could not instantiate: ProductRegistryImpl.Registry", source: chrome-devtools://devtools/bundled/shell.js (108)
11月 23, 2018 20:07:16.20 [3052:7632:1123/200716.188:ERROR:CONSOLE(108)] "Uncaught (in promise) Error: Could not instantiate: ProductRegistryImpl.Registry", source: chrome-devtools://devtools/bundled/shell.js (108)
11月 23, 2018 20:07:16.20 [3052:7632:1123/200716.188:ERROR:CONSOLE(108)] "Uncaught (in promise) Error: Could not instantiate: ProductRegistryImpl.Registry", source: chrome-devtools://devtools/bundled/shell.js (108)
11月 23, 2018 20:07:16.20 [3052:7632:1123/200716.188:ERROR:CONSOLE(108)] "Uncaught (in promise) Error: Could not instantiate: ProductRegistryImpl.Registry", source: chrome-devtools://devtools/bundled/shell.js (108)
11月 23, 2018 20:07:16.20 [3052:7632:1123/200716.188:ERROR:CONSOLE(108)] "Uncaught (in promise) Error: Could not instantiate: ProductRegistryImpl.Registry", source: chrome-devtools://devtools/bundled/shell.js (108)
11月 23, 2018 20:07:16.20 [3052:7632:1123/200716.188:ERROR:CONSOLE(108)] "Uncaught (in promise) Error: Could not instantiate: ProductRegistryImpl.Registry", source: chrome-devtools://devtools/bundled/shell.js (108)
11月 23, 2018 20:07:16.20 [3052:7632:1123/200716.188:ERROR:CONSOLE(108)] "Uncaught (in promise) Error: Could not instantiate: ProductRegistryImpl.Registry", source: chrome-devtools://devtools/bundled/shell.js (108)
11月 23, 2018 20:07:16.20 [3052:7632:1123/200716.188:ERROR:CONSOLE(108)] "Uncaught (in promise) Error: Could not instantiate: ProductRegistryImpl.Registry", source: chrome-devtools://devtools/bundled/shell.js (108)
11月 23, 2018 20:07:16.20 [3052:7632:1123/200716.188:ERROR:CONSOLE(108)] "Uncaught (in promise) Error: Could not instantiate: ProductRegistryImpl.Registry", source: chrome-devtools://devtools/bundled/shell.js (108)
11月 23, 2018 20:07:16.20 [3052:7632:1123/200716.188:ERROR:CONSOLE(108)] "Uncaught (in promise) Error: Could not instantiate: ProductRegistryImpl.Registry", source: chrome-devtools://devtools/bundled/shell.js (108)
11月 23, 2018 20:07:16.20 [3052:7632:1123/200716.188:ERROR:CONSOLE(108)] "Uncaught (in promise) Error: Could not instantiate: ProductRegistryImpl.Registry", source: chrome-devtools://devtools/bundled/shell.js (108)
11月 23, 2018 20:07:16.20 [3052:7632:1123/200716.203:ERROR:CONSOLE(108)] "Uncaught (in promise) Error: Could not instantiate: ProductRegistryImpl.Registry", source: chrome-devtools://devtools/bundled/shell.js (108)
11月 23, 2018 20:07:16.20 [3052:7632:1123/200716.203:ERROR:CONSOLE(108)] "Uncaught (in promise) Error: Could not instantiate: ProductRegistryImpl.Registry", source: chrome-devtools://devtools/bundled/shell.js (108)
11月 23, 2018 20:07:16.20 [3052:7632:1123/200716.203:ERROR:CONSOLE(108)] "Uncaught (in promise) Error: Could not instantiate: ProductRegistryImpl.Registry", source: chrome-devtools://devtools/bundled/shell.js (108)
11月 23, 2018 20:07:16.20 [3052:7632:1123/200716.203:ERROR:CONSOLE(108)] "Uncaught (in promise) Error: Could not instantiate: ProductRegistryImpl.Registry", source: chrome-devtools://devtools/bundled/shell.js (108)
11月 23, 2018 20:07:16.20 [3052:7632:1123/200716.203:ERROR:CONSOLE(108)] "Uncaught (in promise) Error: Could not instantiate: ProductRegistryImpl.Registry", source: chrome-devtools://devtools/bundled/shell.js (108)
11月 23, 2018 20:07:16.20 [3052:7632:1123/200716.203:ERROR:CONSOLE(108)] "Uncaught (in promise) Error: Could not instantiate: ProductRegistryImpl.Registry", source: chrome-devtools://devtools/bundled/shell.js (108)
11月 23, 2018 20:07:16.20 [3052:7632:1123/200716.203:ERROR:CONSOLE(108)] "Uncaught (in promise) Error: Could not instantiate: ProductRegistryImpl.Registry", source: chrome-devtools://devtools/bundled/shell.js (108)
11月 23, 2018 20:07:16.20 [3052:7632:1123/200716.203:ERROR:CONSOLE(108)] "Uncaught (in promise) Error: Could not instantiate: ProductRegistryImpl.Registry", source: chrome-devtools://devtools/bundled/shell.js (108)
11月 23, 2018 20:07:16.20 [3052:7632:1123/200716.203:ERROR:CONSOLE(108)] "Uncaught (in promise) Error: Could not instantiate: ProductRegistryImpl.Registry", source: chrome-devtools://devtools/bundled/shell.js (108)
11月 23, 2018 20:07:16.20 [3052:7632:1123/200716.203:ERROR:CONSOLE(108)] "Uncaught (in promise) Error: Could not instantiate: ProductRegistryImpl.Registry", source: chrome-devtools://devtools/bundled/shell.js (108)
11月 23, 2018 20:07:16.65 [3052:7632:1123/200716.654:ERROR:CONSOLE(108)] "Uncaught (in promise) Error: Could not instantiate: ProductRegistryImpl.Registry", source: chrome-devtools://devtools/bundled/shell.js (108)
11月 23, 2018 20:08:00.86 [3052:7632:1123/200800.862:ERROR:CONSOLE(108)] "Uncaught (in promise) Error: Could not instantiate: ProductRegistryImpl.Registry", source: chrome-devtools://devtools/bundled/shell.js (108)
11月 23, 2018 20:08:00.86 [3052:7632:1123/200800.862:ERROR:CONSOLE(108)] "Uncaught (in promise) Error: Could not instantiate: ProductRegistryImpl.Registry", source: chrome-devtools://devtools/bundled/shell.js (108)
11月 23, 2018 20:08:00.86 [3052:7632:1123/200800.862:ERROR:CONSOLE(108)] "Uncaught (in promise) Error: Could not instantiate: ProductRegistryImpl.Registry", source: chrome-devtools://devtools/bundled/shell.js (108)
11月 23, 2018 20:08:00.86 [3052:7632:1123/200800.862:ERROR:CONSOLE(108)] "Uncaught (in promise) Error: Could not instantiate: ProductRegistryImpl.Registry", source: chrome-devtools://devtools/bundled/shell.js (108)
11月 23, 2018 20:08:00.89 [3052:7632:1123/200800.895:ERROR:CONSOLE(108)] "Uncaught (in promise) Error: Could not instantiate: ProductRegistryImpl.Registry", source: chrome-devtools://devtools/bundled/shell.js (108)
11月 23, 2018 20:08:00.89 [3052:7632:1123/200800.895:ERROR:CONSOLE(108)] "Uncaught (in promise) Error: Could not instantiate: ProductRegistryImpl.Registry", source: chrome-devtools://devtools/bundled/shell.js (108)
11月 23, 2018 20:08:00.89 [3052:7632:1123/200800.895:ERROR:CONSOLE(108)] "Uncaught (in promise) Error: Could not instantiate: ProductRegistryImpl.Registry", source: chrome-devtools://devtools/bundled/shell.js (108)
11月 23, 2018 20:08:00.89 [3052:7632:1123/200800.895:ERROR:CONSOLE(108)] "Uncaught (in promise) Error: Could not instantiate: ProductRegistryImpl.Registry", source: chrome-devtools://devtools/bundled/shell.js (108)
11月 23, 2018 20:08:00.91 [3052:7632:1123/200800.912:ERROR:CONSOLE(108)] "Uncaught (in promise) Error: Could not instantiate: ProductRegistryImpl.Registry", source: chrome-devtools://devtools/bundled/shell.js (108)
11月 23, 2018 20:08:00.92 [3052:7632:1123/200800.927:ERROR:CONSOLE(108)] "Uncaught (in promise) Error: Could not instantiate: ProductRegistryImpl.Registry", source: chrome-devtools://devtools/bundled/shell.js (108)
11月 23, 2018 20:08:00.94 [3052:7632:1123/200800.944:ERROR:CONSOLE(108)] "Uncaught (in promise) Error: Could not instantiate: ProductRegistryImpl.Registry", source: chrome-devtools://devtools/bundled/shell.js (108)
11月 23, 2018 20:08:00.97 [3052:7632:1123/200800.974:ERROR:CONSOLE(108)] "Uncaught (in promise) Error: Could not instantiate: ProductRegistryImpl.Registry", source: chrome-devtools://devtools/bundled/shell.js (108)
11月 23, 2018 20:08:00.97 [3052:7632:1123/200800.974:ERROR:CONSOLE(108)] "Uncaught (in promise) Error: Could not instantiate: ProductRegistryImpl.Registry", source: chrome-devtools://devtools/bundled/shell.js (108)
11月 23, 2018 20:08:00.97 [3052:7632:1123/200800.974:ERROR:CONSOLE(108)] "Uncaught (in promise) Error: Could not instantiate: ProductRegistryImpl.Registry", source: chrome-devtools://devtools/bundled/shell.js (108)
11月 23, 2018 20:08:01.00 [3052:7632:1123/200801.005:ERROR:CONSOLE(108)] "Uncaught (in promise) Error: Could not instantiate: ProductRegistryImpl.Registry", source: chrome-devtools://devtools/bundled/shell.js (108)
11月 23, 2018 20:08:01.00 [3052:7632:1123/200801.005:ERROR:CONSOLE(108)] "Uncaught (in promise) Error: Could not instantiate: ProductRegistryImpl.Registry", source: chrome-devtools://devtools/bundled/shell.js (108)
11月 23, 2018 20:08:01.04 [3052:7632:1123/200801.044:ERROR:CONSOLE(108)] "Uncaught (in promise) Error: Could not instantiate: ProductRegistryImpl.Registry", source: chrome-devtools://devtools/bundled/shell.js (108)
11月 23, 2018 20:08:01.06 [3052:7632:1123/200801.066:ERROR:CONSOLE(108)] "Uncaught (in promise) Error: Could not instantiate: ProductRegistryImpl.Registry", source: chrome-devtools://devtools/bundled/shell.js (108)
11月 23, 2018 20:08:01.06 [3052:7632:1123/200801.066:ERROR:CONSOLE(108)] "Uncaught (in promise) Error: Could not instantiate: ProductRegistryImpl.Registry", source: chrome-devtools://devtools/bundled/shell.js (108)
11月 23, 2018 20:08:01.12 [3052:7632:1123/200801.126:ERROR:CONSOLE(108)] "Uncaught (in promise) Error: Could not instantiate: ProductRegistryImpl.Registry", source: chrome-devtools://devtools/bundled/shell.js (108)
11月 23, 2018 20:08:01.12 [3052:7632:1123/200801.126:ERROR:CONSOLE(108)] "Uncaught (in promise) Error: Could not instantiate: ProductRegistryImpl.Registry", source: chrome-devtools://devtools/bundled/shell.js (108)
11月 23, 2018 20:08:01.12 [3052:7632:1123/200801.126:ERROR:CONSOLE(108)] "Uncaught (in promise) Error: Could not instantiate: ProductRegistryImpl.Registry", source: chrome-devtools://devtools/bundled/shell.js (108)
11月 23, 2018 20:08:01.12 [3052:7632:1123/200801.127:ERROR:CONSOLE(108)] "Uncaught (in promise) Error: Could not instantiate: ProductRegistryImpl.Registry", source: chrome-devtools://devtools/bundled/shell.js (108)
11月 23, 2018 20:08:01.12 [3052:7632:1123/200801.127:ERROR:CONSOLE(108)] "Uncaught (in promise) Error: Could not instantiate: ProductRegistryImpl.Registry", source: chrome-devtools://devtools/bundled/shell.js (108)
11月 23, 2018 20:08:01.12 [3052:7632:1123/200801.127:ERROR:CONSOLE(108)] "Uncaught (in promise) Error: Could not instantiate: ProductRegistryImpl.Registry", source: chrome-devtools://devtools/bundled/shell.js (108)
11月 23, 2018 20:08:01.12 [3052:7632:1123/200801.127:ERROR:CONSOLE(108)] "Uncaught (in promise) Error: Could not instantiate: ProductRegistryImpl.Registry", source: chrome-devtools://devtools/bundled/shell.js (108)
11月 23, 2018 20:08:01.12 [3052:7632:1123/200801.127:ERROR:CONSOLE(108)] "Uncaught (in promise) Error: Could not instantiate: ProductRegistryImpl.Registry", source: chrome-devtools://devtools/bundled/shell.js (108)
11月 23, 2018 20:08:01.12 [3052:7632:1123/200801.127:ERROR:CONSOLE(108)] "Uncaught (in promise) Error: Could not instantiate: ProductRegistryImpl.Registry", source: chrome-devtools://devtools/bundled/shell.js (108)
11月 23, 2018 20:08:01.12 [3052:7632:1123/200801.127:ERROR:CONSOLE(108)] "Uncaught (in promise) Error: Could not instantiate: ProductRegistryImpl.Registry", source: chrome-devtools://devtools/bundled/shell.js (108)
11月 23, 2018 20:08:01.12 [3052:7632:1123/200801.127:ERROR:CONSOLE(108)] "Uncaught (in promise) Error: Could not instantiate: ProductRegistryImpl.Registry", source: chrome-devtools://devtools/bundled/shell.js (108)
11月 23, 2018 20:08:01.13 [3052:7632:1123/200801.127:ERROR:CONSOLE(108)] "Uncaught (in promise) Error: Could not instantiate: ProductRegistryImpl.Registry", source: chrome-devtools://devtools/bundled/shell.js (108)
11月 23, 2018 20:08:01.13 [3052:7632:1123/200801.127:ERROR:CONSOLE(108)] "Uncaught (in promise) Error: Could not instantiate: ProductRegistryImpl.Registry", source: chrome-devtools://devtools/bundled/shell.js (108)
11月 23, 2018 20:08:01.16 [3052:7632:1123/200801.166:ERROR:CONSOLE(108)] "Uncaught (in promise) Error: Could not instantiate: ProductRegistryImpl.Registry", source: chrome-devtools://devtools/bundled/shell.js (108)
11月 23, 2018 20:08:01.16 [3052:7632:1123/200801.166:ERROR:CONSOLE(108)] "Uncaught (in promise) Error: Could not instantiate: ProductRegistryImpl.Registry", source: chrome-devtools://devtools/bundled/shell.js (108)
11月 23, 2018 20:08:01.16 [3052:7632:1123/200801.166:ERROR:CONSOLE(108)] "Uncaught (in promise) Error: Could not instantiate: ProductRegistryImpl.Registry", source: chrome-devtools://devtools/bundled/shell.js (108)
11月 23, 2018 20:08:01.16 [3052:7632:1123/200801.166:ERROR:CONSOLE(108)] "Uncaught (in promise) Error: Could not instantiate: ProductRegistryImpl.Registry", source: chrome-devtools://devtools/bundled/shell.js (108)
11月 23, 2018 20:08:01.16 [3052:7632:1123/200801.166:ERROR:CONSOLE(108)] "Uncaught (in promise) Error: Could not instantiate: ProductRegistryImpl.Registry", source: chrome-devtools://devtools/bundled/shell.js (108)
11月 23, 2018 20:08:01.16 [3052:7632:1123/200801.166:ERROR:CONSOLE(108)] "Uncaught (in promise) Error: Could not instantiate: ProductRegistryImpl.Registry", source: chrome-devtools://devtools/bundled/shell.js (108)
11月 23, 2018 20:08:01.16 [3052:7632:1123/200801.166:ERROR:CONSOLE(108)] "Uncaught (in promise) Error: Could not instantiate: ProductRegistryImpl.Registry", source: chrome-devtools://devtools/bundled/shell.js (108)
11月 23, 2018 20:08:01.16 [3052:7632:1123/200801.166:ERROR:CONSOLE(108)] "Uncaught (in promise) Error: Could not instantiate: ProductRegistryImpl.Registry", source: chrome-devtools://devtools/bundled/shell.js (108)
11月 23, 2018 20:08:01.16 [3052:7632:1123/200801.166:ERROR:CONSOLE(108)] "Uncaught (in promise) Error: Could not instantiate: ProductRegistryImpl.Registry", source: chrome-devtools://devtools/bundled/shell.js (108)
11月 23, 2018 20:08:01.26 [3052:7632:1123/200801.266:ERROR:CONSOLE(108)] "Uncaught (in promise) Error: Could not instantiate: ProductRegistryImpl.Registry", source: chrome-devtools://devtools/bundled/shell.js (108)
11月 23, 2018 20:08:01.26 [3052:7632:1123/200801.266:ERROR:CONSOLE(108)] "Uncaught (in promise) Error: Could not instantiate: ProductRegistryImpl.Registry", source: chrome-devtools://devtools/bundled/shell.js (108)
11月 23, 2018 20:08:01.26 [3052:7632:1123/200801.266:ERROR:CONSOLE(108)] "Uncaught (in promise) Error: Could not instantiate: ProductRegistryImpl.Registry", source: chrome-devtools://devtools/bundled/shell.js (108)
11月 23, 2018 20:08:01.26 [3052:7632:1123/200801.266:ERROR:CONSOLE(108)] "Uncaught (in promise) Error: Could not instantiate: ProductRegistryImpl.Registry", source: chrome-devtools://devtools/bundled/shell.js (108)
11月 23, 2018 20:08:01.26 [3052:7632:1123/200801.266:ERROR:CONSOLE(108)] "Uncaught (in promise) Error: Could not instantiate: ProductRegistryImpl.Registry", source: chrome-devtools://devtools/bundled/shell.js (108)
11月 23, 2018 20:08:01.26 [3052:7632:1123/200801.266:ERROR:CONSOLE(108)] "Uncaught (in promise) Error: Could not instantiate: ProductRegistryImpl.Registry", source: chrome-devtools://devtools/bundled/shell.js (108)
11月 23, 2018 20:08:01.26 [3052:7632:1123/200801.266:ERROR:CONSOLE(108)] "Uncaught (in promise) Error: Could not instantiate: ProductRegistryImpl.Registry", source: chrome-devtools://devtools/bundled/shell.js (108)
11月 23, 2018 20:08:01.26 [3052:7632:1123/200801.266:ERROR:CONSOLE(108)] "Uncaught (in promise) Error: Could not instantiate: ProductRegistryImpl.Registry", source: chrome-devtools://devtools/bundled/shell.js (108)
11月 23, 2018 20:08:01.26 [3052:7632:1123/200801.266:ERROR:CONSOLE(108)] "Uncaught (in promise) Error: Could not instantiate: ProductRegistryImpl.Registry", source: chrome-devtools://devtools/bundled/shell.js (108)
11月 23, 2018 20:08:01.26 [3052:7632:1123/200801.266:ERROR:CONSOLE(108)] "Uncaught (in promise) Error: Could not instantiate: ProductRegistryImpl.Registry", source: chrome-devtools://devtools/bundled/shell.js (108)
11月 23, 2018 20:08:01.26 [3052:7632:1123/200801.267:ERROR:CONSOLE(108)] "Uncaught (in promise) Error: Could not instantiate: ProductRegistryImpl.Registry", source: chrome-devtools://devtools/bundled/shell.js (108)
11月 23, 2018 20:08:01.26 [3052:7632:1123/200801.267:ERROR:CONSOLE(108)] "Uncaught (in promise) Error: Could not instantiate: ProductRegistryImpl.Registry", source: chrome-devtools://devtools/bundled/shell.js (108)
11月 23, 2018 20:08:01.27 [3052:7632:1123/200801.267:ERROR:CONSOLE(108)] "Uncaught (in promise) Error: Could not instantiate: ProductRegistryImpl.Registry", source: chrome-devtools://devtools/bundled/shell.js (108)
11月 23, 2018 20:08:01.29 [3052:7632:1123/200801.294:ERROR:CONSOLE(108)] "Uncaught (in promise) Error: Could not instantiate: ProductRegistryImpl.Registry", source: chrome-devtools://devtools/bundled/shell.js (108)
11月 23, 2018 20:08:01.29 [3052:7632:1123/200801.294:ERROR:CONSOLE(108)] "Uncaught (in promise) Error: Could not instantiate: ProductRegistryImpl.Registry", source: chrome-devtools://devtools/bundled/shell.js (108)
11月 23, 2018 20:08:01.29 [3052:7632:1123/200801.294:ERROR:CONSOLE(108)] "Uncaught (in promise) Error: Could not instantiate: ProductRegistryImpl.Registry", source: chrome-devtools://devtools/bundled/shell.js (108)
11月 23, 2018 20:08:01.29 [3052:7632:1123/200801.294:ERROR:CONSOLE(108)] "Uncaught (in promise) Error: Could not instantiate: ProductRegistryImpl.Registry", source: chrome-devtools://devtools/bundled/shell.js (108)
11月 23, 2018 20:08:01.29 [3052:7632:1123/200801.294:ERROR:CONSOLE(108)] "Uncaught (in promise) Error: Could not instantiate: ProductRegistryImpl.Registry", source: chrome-devtools://devtools/bundled/shell.js (108)
11月 23, 2018 20:08:01.29 [3052:7632:1123/200801.294:ERROR:CONSOLE(108)] "Uncaught (in promise) Error: Could not instantiate: ProductRegistryImpl.Registry", source: chrome-devtools://devtools/bundled/shell.js (108)
11月 23, 2018 20:08:01.33 [3052:7632:1123/200801.331:ERROR:CONSOLE(108)] "Uncaught (in promise) Error: Could not instantiate: ProductRegistryImpl.Registry", source: chrome-devtools://devtools/bundled/shell.js (108)
11月 23, 2018 20:08:01.33 [3052:7632:1123/200801.331:ERROR:CONSOLE(108)] "Uncaught (in promise) Error: Could not instantiate: ProductRegistryImpl.Registry", source: chrome-devtools://devtools/bundled/shell.js (108)
11月 23, 2018 20:08:01.36 [3052:7632:1123/200801.359:ERROR:CONSOLE(108)] "Uncaught (in promise) Error: Could not instantiate: ProductRegistryImpl.Registry", source: chrome-devtools://devtools/bundled/shell.js (108)
11月 23, 2018 20:08:01.36 [3052:7632:1123/200801.359:ERROR:CONSOLE(108)] "Uncaught (in promise) Error: Could not instantiate: ProductRegistryImpl.Registry", source: chrome-devtools://devtools/bundled/shell.js (108)
11月 23, 2018 20:08:01.36 [3052:7632:1123/200801.359:ERROR:CONSOLE(108)] "Uncaught (in promise) Error: Could not instantiate: ProductRegistryImpl.Registry", source: chrome-devtools://devtools/bundled/shell.js (108)
11月 23, 2018 20:08:01.36 [3052:7632:1123/200801.368:ERROR:CONSOLE(108)] "Uncaught (in promise) Error: Could not instantiate: ProductRegistryImpl.Registry", source: chrome-devtools://devtools/bundled/shell.js (108)
11月 23, 2018 20:08:01.36 [3052:7632:1123/200801.368:ERROR:CONSOLE(108)] "Uncaught (in promise) Error: Could not instantiate: ProductRegistryImpl.Registry", source: chrome-devtools://devtools/bundled/shell.js (108)
11月 23, 2018 20:08:01.36 [3052:7632:1123/200801.368:ERROR:CONSOLE(108)] "Uncaught (in promise) Error: Could not instantiate: ProductRegistryImpl.Registry", source: chrome-devtools://devtools/bundled/shell.js (108)
11月 23, 2018 20:08:02.02 [3052:7632:1123/200802.023:ERROR:CONSOLE(108)] "Uncaught (in promise) Error: Could not instantiate: ProductRegistryImpl.Registry", source: chrome-devtools://devtools/bundled/shell.js (108)
11月 23, 2018 20:08:02.02 [3052:7632:1123/200802.023:ERROR:CONSOLE(108)] "Uncaught (in promise) Error: Could not instantiate: ProductRegistryImpl.Registry", source: chrome-devtools://devtools/bundled/shell.js (108)
11月 23, 2018 20:08:02.02 [3052:7632:1123/200802.023:ERROR:CONSOLE(108)] "Uncaught (in promise) Error: Could not instantiate: ProductRegistryImpl.Registry", source: chrome-devtools://devtools/bundled/shell.js (108)
11月 23, 2018 20:08:02.02 [3052:7632:1123/200802.023:ERROR:CONSOLE(108)] "Uncaught (in promise) Error: Could not instantiate: ProductRegistryImpl.Registry", source: chrome-devtools://devtools/bundled/shell.js (108)
11月 23, 2018 20:08:02.02 [3052:7632:1123/200802.023:ERROR:CONSOLE(108)] "Uncaught (in promise) Error: Could not instantiate: ProductRegistryImpl.Registry", source: chrome-devtools://devtools/bundled/shell.js (108)
11月 23, 2018 20:08:02.02 [3052:7632:1123/200802.023:ERROR:CONSOLE(108)] "Uncaught (in promise) Error: Could not instantiate: ProductRegistryImpl.Registry", source: chrome-devtools://devtools/bundled/shell.js (108)
11月 23, 2018 20:08:02.02 [3052:7632:1123/200802.023:ERROR:CONSOLE(108)] "Uncaught (in promise) Error: Could not instantiate: ProductRegistryImpl.Registry", source: chrome-devtools://devtools/bundled/shell.js (108)
11月 23, 2018 20:08:02.02 [3052:7632:1123/200802.023:ERROR:CONSOLE(108)] "Uncaught (in promise) Error: Could not instantiate: ProductRegistryImpl.Registry", source: chrome-devtools://devtools/bundled/shell.js (108)
11月 23, 2018 20:08:02.02 [3052:7632:1123/200802.023:ERROR:CONSOLE(108)] "Uncaught (in promise) Error: Could not instantiate: ProductRegistryImpl.Registry", source: chrome-devtools://devtools/bundled/shell.js (108)
11月 23, 2018 20:08:02.02 [3052:7632:1123/200802.023:ERROR:CONSOLE(108)] "Uncaught (in promise) Error: Could not instantiate: ProductRegistryImpl.Registry", source: chrome-devtools://devtools/bundled/shell.js (108)
11月 23, 2018 20:08:02.02 [3052:7632:1123/200802.023:ERROR:CONSOLE(108)] "Uncaught (in promise) Error: Could not instantiate: ProductRegistryImpl.Registry", source: chrome-devtools://devtools/bundled/shell.js (108)
11月 23, 2018 20:08:02.02 [3052:7632:1123/200802.023:ERROR:CONSOLE(108)] "Uncaught (in promise) Error: Could not instantiate: ProductRegistryImpl.Registry", source: chrome-devtools://devtools/bundled/shell.js (108)
11月 23, 2018 20:08:02.02 [3052:7632:1123/200802.023:ERROR:CONSOLE(108)] "Uncaught (in promise) Error: Could not instantiate: ProductRegistryImpl.Registry", source: chrome-devtools://devtools/bundled/shell.js (108)
11月 23, 2018 20:08:02.02 [3052:7632:1123/200802.023:ERROR:CONSOLE(108)] "Uncaught (in promise) Error: Could not instantiate: ProductRegistryImpl.Registry", source: chrome-devtools://devtools/bundled/shell.js (108)
11月 23, 2018 20:08:02.02 [3052:7632:1123/200802.023:ERROR:CONSOLE(108)] "Uncaught (in promise) Error: Could not instantiate: ProductRegistryImpl.Registry", source: chrome-devtools://devtools/bundled/shell.js (108)
11月 23, 2018 20:08:02.02 [3052:7632:1123/200802.023:ERROR:CONSOLE(108)] "Uncaught (in promise) Error: Could not instantiate: ProductRegistryImpl.Registry", source: chrome-devtools://devtools/bundled/shell.js (108)
11月 23, 2018 20:08:02.02 [3052:7632:1123/200802.023:ERROR:CONSOLE(108)] "Uncaught (in promise) Error: Could not instantiate: ProductRegistryImpl.Registry", source: chrome-devtools://devtools/bundled/shell.js (108)
11月 23, 2018 20:08:02.02 [3052:7632:1123/200802.023:ERROR:CONSOLE(108)] "Uncaught (in promise) Error: Could not instantiate: ProductRegistryImpl.Registry", source: chrome-devtools://devtools/bundled/shell.js (108)
11月 23, 2018 20:08:02.02 [3052:7632:1123/200802.023:ERROR:CONSOLE(108)] "Uncaught (in promise) Error: Could not instantiate: ProductRegistryImpl.Registry", source: chrome-devtools://devtools/bundled/shell.js (108)
11月 23, 2018 20:08:02.02 [3052:7632:1123/200802.023:ERROR:CONSOLE(108)] "Uncaught (in promise) Error: Could not instantiate: ProductRegistryImpl.Registry", source: chrome-devtools://devtools/bundled/shell.js (108)
11月 23, 2018 20:08:02.02 [3052:7632:1123/200802.023:ERROR:CONSOLE(108)] "Uncaught (in promise) Error: Could not instantiate: ProductRegistryImpl.Registry", source: chrome-devtools://devtools/bundled/shell.js (108)
11月 23, 2018 20:08:02.02 [3052:7632:1123/200802.023:ERROR:CONSOLE(108)] "Uncaught (in promise) Error: Could not instantiate: ProductRegistryImpl.Registry", source: chrome-devtools://devtools/bundled/shell.js (108)
11月 23, 2018 20:08:09.77 [3052:7632:1123/200809.772:ERROR:CONSOLE(108)] "Uncaught (in promise) Error: Could not instantiate: ProductRegistryImpl.Registry", source: chrome-devtools://devtools/bundled/shell.js (108)
11月 23, 2018 20:08:09.80 [3052:7632:1123/200809.806:ERROR:CONSOLE(108)] "Uncaught (in promise) Error: Could not instantiate: ProductRegistryImpl.Registry", source: chrome-devtools://devtools/bundled/shell.js (108)
11月 23, 2018 20:08:09.82 [3052:7632:1123/200809.822:ERROR:CONSOLE(108)] "Uncaught (in promise) Error: Could not instantiate: ProductRegistryImpl.Registry", source: chrome-devtools://devtools/bundled/shell.js (108)
11月 23, 2018 20:08:09.83 [3052:7632:1123/200809.838:ERROR:CONSOLE(108)] "Uncaught (in promise) Error: Could not instantiate: ProductRegistryImpl.Registry", source: chrome-devtools://devtools/bundled/shell.js (108)
11月 23, 2018 20:08:09.88 [3052:7632:1123/200809.887:ERROR:CONSOLE(108)] "Uncaught (in promise) Error: Could not instantiate: ProductRegistryImpl.Registry", source: chrome-devtools://devtools/bundled/shell.js (108)
11月 23, 2018 20:08:09.92 [3052:7632:1123/200809.922:ERROR:CONSOLE(108)] "Uncaught (in promise) Error: Could not instantiate: ProductRegistryImpl.Registry", source: chrome-devtools://devtools/bundled/shell.js (108)
11月 23, 2018 20:08:09.93 [3052:7632:1123/200809.939:ERROR:CONSOLE(108)] "Uncaught (in promise) Error: Could not instantiate: ProductRegistryImpl.Registry", source: chrome-devtools://devtools/bundled/shell.js (108)
11月 23, 2018 20:08:09.95 [3052:7632:1123/200809.955:ERROR:CONSOLE(108)] "Uncaught (in promise) Error: Could not instantiate: ProductRegistryImpl.Registry", source: chrome-devtools://devtools/bundled/shell.js (108)
11月 23, 2018 20:08:09.97 [3052:7632:1123/200809.971:ERROR:CONSOLE(108)] "Uncaught (in promise) Error: Could not instantiate: ProductRegistryImpl.Registry", source: chrome-devtools://devtools/bundled/shell.js (108)
11月 23, 2018 20:08:10.02 [3052:7632:1123/200810.023:ERROR:CONSOLE(108)] "Uncaught (in promise) Error: Could not instantiate: ProductRegistryImpl.Registry", source: chrome-devtools://devtools/bundled/shell.js (108)
11月 23, 2018 20:08:10.36 [3052:7632:1123/200810.359:ERROR:CONSOLE(108)] "Uncaught (in promise) Error: Could not instantiate: ProductRegistryImpl.Registry", source: chrome-devtools://devtools/bundled/shell.js (108)
11月 23, 2018 20:08:10.36 [3052:7632:1123/200810.360:ERROR:CONSOLE(108)] "Uncaught (in promise) Error: Could not instantiate: ProductRegistryImpl.Registry", source: chrome-devtools://devtools/bundled/shell.js (108)
11月 23, 2018 20:08:10.36 [3052:7632:1123/200810.360:ERROR:CONSOLE(108)] "Uncaught (in promise) Error: Could not instantiate: ProductRegistryImpl.Registry", source: chrome-devtools://devtools/bundled/shell.js (108)
11月 23, 2018 20:08:10.36 [3052:7632:1123/200810.360:ERROR:CONSOLE(108)] "Uncaught (in promise) Error: Could not instantiate: ProductRegistryImpl.Registry", source: chrome-devtools://devtools/bundled/shell.js (108)
11月 23, 2018 20:08:10.36 [3052:7632:1123/200810.360:ERROR:CONSOLE(108)] "Uncaught (in promise) Error: Could not instantiate: ProductRegistryImpl.Registry", source: chrome-devtools://devtools/bundled/shell.js (108)
11月 23, 2018 20:08:10.36 [3052:7632:1123/200810.360:ERROR:CONSOLE(108)] "Uncaught (in promise) Error: Could not instantiate: ProductRegistryImpl.Registry", source: chrome-devtools://devtools/bundled/shell.js (108)
11月 23, 2018 20:08:10.37 [3052:7632:1123/200810.377:ERROR:CONSOLE(108)] "Uncaught (in promise) Error: Could not instantiate: ProductRegistryImpl.Registry", source: chrome-devtools://devtools/bundled/shell.js (108)
11月 23, 2018 20:08:10.37 [3052:7632:1123/200810.377:ERROR:CONSOLE(108)] "Uncaught (in promise) Error: Could not instantiate: ProductRegistryImpl.Registry", source: chrome-devtools://devtools/bundled/shell.js (108)
11月 23, 2018 20:08:10.37 [3052:7632:1123/200810.377:ERROR:CONSOLE(108)] "Uncaught (in promise) Error: Could not instantiate: ProductRegistryImpl.Registry", source: chrome-devtools://devtools/bundled/shell.js (108)
11月 23, 2018 20:08:10.37 [3052:7632:1123/200810.377:ERROR:CONSOLE(108)] "Uncaught (in promise) Error: Could not instantiate: ProductRegistryImpl.Registry", source: chrome-devtools://devtools/bundled/shell.js (108)
11月 23, 2018 20:08:10.37 [3052:7632:1123/200810.377:ERROR:CONSOLE(108)] "Uncaught (in promise) Error: Could not instantiate: ProductRegistryImpl.Registry", source: chrome-devtools://devtools/bundled/shell.js (108)
11月 23, 2018 20:12:41.67 [6316:4672:1123/201241.674:ERROR:input_method_base.cc(146)] NOT IMPLEMENTEDUsing InputMethodKeyboardControllerStub
11月 23, 2018 20:13:05.92 [6316:4672:1123/201305.924:ERROR:CONSOLE(24)] "Empty response arrived for script 'chrome-devtools://devtools/remote/serve_file/@0f6ce0b0cd63a12cb4eccea3637b1bc9a29148d9/product_registry_impl/product_registry_impl_module.js'", source: chrome-devtools://devtools/bundled/shell.js (24)
11月 23, 2018 20:13:05.92 [6316:4672:1123/201305.925:ERROR:CONSOLE(108)] "Uncaught (in promise) Error: Could not instantiate: ProductRegistryImpl.Registry", source: chrome-devtools://devtools/bundled/shell.js (108)
11月 23, 2018 20:13:05.92 [6316:4672:1123/201305.925:ERROR:CONSOLE(108)] "Uncaught (in promise) Error: Could not instantiate: ProductRegistryImpl.Registry", source: chrome-devtools://devtools/bundled/shell.js (108)
11月 23, 2018 20:13:05.92 [6316:4672:1123/201305.925:ERROR:CONSOLE(108)] "Uncaught (in promise) Error: Could not instantiate: ProductRegistryImpl.Registry", source: chrome-devtools://devtools/bundled/shell.js (108)
11月 23, 2018 20:13:05.92 [6316:4672:1123/201305.925:ERROR:CONSOLE(108)] "Uncaught (in promise) Error: Could not instantiate: ProductRegistryImpl.Registry", source: chrome-devtools://devtools/bundled/shell.js (108)
11月 23, 2018 20:13:05.92 [6316:4672:1123/201305.925:ERROR:CONSOLE(108)] "Uncaught (in promise) Error: Could not instantiate: ProductRegistryImpl.Registry", source: chrome-devtools://devtools/bundled/shell.js (108)
11月 23, 2018 20:13:05.92 [6316:4672:1123/201305.925:ERROR:CONSOLE(108)] "Uncaught (in promise) Error: Could not instantiate: ProductRegistryImpl.Registry", source: chrome-devtools://devtools/bundled/shell.js (108)
11月 23, 2018 20:13:05.92 [6316:4672:1123/201305.925:ERROR:CONSOLE(108)] "Uncaught (in promise) Error: Could not instantiate: ProductRegistryImpl.Registry", source: chrome-devtools://devtools/bundled/shell.js (108)
11月 23, 2018 20:13:05.92 [6316:4672:1123/201305.925:ERROR:CONSOLE(108)] "Uncaught (in promise) Error: Could not instantiate: ProductRegistryImpl.Registry", source: chrome-devtools://devtools/bundled/shell.js (108)
11月 23, 2018 20:13:05.92 [6316:4672:1123/201305.925:ERROR:CONSOLE(108)] "Uncaught (in promise) Error: Could not instantiate: ProductRegistryImpl.Registry", source: chrome-devtools://devtools/bundled/shell.js (108)
11月 23, 2018 20:13:05.92 [6316:4672:1123/201305.925:ERROR:CONSOLE(108)] "Uncaught (in promise) Error: Could not instantiate: ProductRegistryImpl.Registry", source: chrome-devtools://devtools/bundled/shell.js (108)
11月 23, 2018 20:13:05.92 [6316:4672:1123/201305.925:ERROR:CONSOLE(108)] "Uncaught (in promise) Error: Could not instantiate: ProductRegistryImpl.Registry", source: chrome-devtools://devtools/bundled/shell.js (108)
11月 23, 2018 20:13:05.92 [6316:4672:1123/201305.925:ERROR:CONSOLE(108)] "Uncaught (in promise) Error: Could not instantiate: ProductRegistryImpl.Registry", source: chrome-devtools://devtools/bundled/shell.js (108)
11月 23, 2018 20:13:05.92 [6316:4672:1123/201305.925:ERROR:CONSOLE(108)] "Uncaught (in promise) Error: Could not instantiate: ProductRegistryImpl.Registry", source: chrome-devtools://devtools/bundled/shell.js (108)
11月 23, 2018 20:13:05.92 [6316:4672:1123/201305.925:ERROR:CONSOLE(108)] "Uncaught (in promise) Error: Could not instantiate: ProductRegistryImpl.Registry", source: chrome-devtools://devtools/bundled/shell.js (108)
11月 23, 2018 20:13:05.92 [6316:4672:1123/201305.925:ERROR:CONSOLE(108)] "Uncaught (in promise) Error: Could not instantiate: ProductRegistryImpl.Registry", source: chrome-devtools://devtools/bundled/shell.js (108)
11月 23, 2018 20:13:05.92 [6316:4672:1123/201305.925:ERROR:CONSOLE(108)] "Uncaught (in promise) Error: Could not instantiate: ProductRegistryImpl.Registry", source: chrome-devtools://devtools/bundled/shell.js (108)
11月 23, 2018 20:13:05.92 [6316:4672:1123/201305.925:ERROR:CONSOLE(108)] "Uncaught (in promise) Error: Could not instantiate: ProductRegistryImpl.Registry", source: chrome-devtools://devtools/bundled/shell.js (108)
11月 23, 2018 20:13:05.92 [6316:4672:1123/201305.925:ERROR:CONSOLE(108)] "Uncaught (in promise) Error: Could not instantiate: ProductRegistryImpl.Registry", source: chrome-devtools://devtools/bundled/shell.js (108)
11月 23, 2018 20:13:05.92 [6316:4672:1123/201305.925:ERROR:CONSOLE(108)] "Uncaught (in promise) Error: Could not instantiate: ProductRegistryImpl.Registry", source: chrome-devtools://devtools/bundled/shell.js (108)
11月 23, 2018 20:13:05.92 [6316:4672:1123/201305.925:ERROR:CONSOLE(108)] "Uncaught (in promise) Error: Could not instantiate: ProductRegistryImpl.Registry", source: chrome-devtools://devtools/bundled/shell.js (108)
11月 23, 2018 20:13:05.92 [6316:4672:1123/201305.925:ERROR:CONSOLE(108)] "Uncaught (in promise) Error: Could not instantiate: ProductRegistryImpl.Registry", source: chrome-devtools://devtools/bundled/shell.js (108)
11月 23, 2018 20:13:05.92 [6316:4672:1123/201305.925:ERROR:CONSOLE(108)] "Uncaught (in promise) Error: Could not instantiate: ProductRegistryImpl.Registry", source: chrome-devtools://devtools/bundled/shell.js (108)
11月 23, 2018 20:13:05.92 [6316:4672:1123/201305.925:ERROR:CONSOLE(108)] "Uncaught (in promise) Error: Could not instantiate: ProductRegistryImpl.Registry", source: chrome-devtools://devtools/bundled/shell.js (108)
11月 23, 2018 20:13:05.92 [6316:4672:1123/201305.925:ERROR:CONSOLE(108)] "Uncaught (in promise) Error: Could not instantiate: ProductRegistryImpl.Registry", source: chrome-devtools://devtools/bundled/shell.js (108)
11月 23, 2018 20:13:05.92 [6316:4672:1123/201305.925:ERROR:CONSOLE(108)] "Uncaught (in promise) Error: Could not instantiate: ProductRegistryImpl.Registry", source: chrome-devtools://devtools/bundled/shell.js (108)
11月 23, 2018 20:13:05.92 [6316:4672:1123/201305.925:ERROR:CONSOLE(108)] "Uncaught (in promise) Error: Could not instantiate: ProductRegistryImpl.Registry", source: chrome-devtools://devtools/bundled/shell.js (108)
11月 23, 2018 20:13:05.92 [6316:4672:1123/201305.925:ERROR:CONSOLE(108)] "Uncaught (in promise) Error: Could not instantiate: ProductRegistryImpl.Registry", source: chrome-devtools://devtools/bundled/shell.js (108)
11月 23, 2018 20:13:05.93 [6316:4672:1123/201305.925:ERROR:CONSOLE(108)] "Uncaught (in promise) Error: Could not instantiate: ProductRegistryImpl.Registry", source: chrome-devtools://devtools/bundled/shell.js (108)
11月 23, 2018 20:13:05.93 [6316:4672:1123/201305.925:ERROR:CONSOLE(108)] "Uncaught (in promise) Error: Could not instantiate: ProductRegistryImpl.Registry", source: chrome-devtools://devtools/bundled/shell.js (108)
11月 23, 2018 20:13:05.93 [6316:4672:1123/201305.925:ERROR:CONSOLE(108)] "Uncaught (in promise) Error: Could not instantiate: ProductRegistryImpl.Registry", source: chrome-devtools://devtools/bundled/shell.js (108)
11月 23, 2018 20:13:05.93 [6316:4672:1123/201305.925:ERROR:CONSOLE(108)] "Uncaught (in promise) Error: Could not instantiate: ProductRegistryImpl.Registry", source: chrome-devtools://devtools/bundled/shell.js (108)
11月 23, 2018 20:13:05.93 [6316:4672:1123/201305.926:ERROR:CONSOLE(108)] "Uncaught (in promise) Error: Could not instantiate: ProductRegistryImpl.Registry", source: chrome-devtools://devtools/bundled/shell.js (108)
11月 23, 2018 20:13:05.93 [6316:4672:1123/201305.926:ERROR:CONSOLE(108)] "Uncaught (in promise) Error: Could not instantiate: ProductRegistryImpl.Registry", source: chrome-devtools://devtools/bundled/shell.js (108)
11月 23, 2018 20:13:05.93 [6316:4672:1123/201305.926:ERROR:CONSOLE(108)] "Uncaught (in promise) Error: Could not instantiate: ProductRegistryImpl.Registry", source: chrome-devtools://devtools/bundled/shell.js (108)
11月 23, 2018 20:13:05.93 [6316:4672:1123/201305.926:ERROR:CONSOLE(108)] "Uncaught (in promise) Error: Could not instantiate: ProductRegistryImpl.Registry", source: chrome-devtools://devtools/bundled/shell.js (108)
11月 23, 2018 20:13:05.93 [6316:4672:1123/201305.926:ERROR:CONSOLE(108)] "Uncaught (in promise) Error: Could not instantiate: ProductRegistryImpl.Registry", source: chrome-devtools://devtools/bundled/shell.js (108)
11月 23, 2018 20:13:05.93 [6316:4672:1123/201305.926:ERROR:CONSOLE(108)] "Uncaught (in promise) Error: Could not instantiate: ProductRegistryImpl.Registry", source: chrome-devtools://devtools/bundled/shell.js (108)
11月 23, 2018 20:13:05.93 [6316:4672:1123/201305.926:ERROR:CONSOLE(108)] "Uncaught (in promise) Error: Could not instantiate: ProductRegistryImpl.Registry", source: chrome-devtools://devtools/bundled/shell.js (108)
11月 23, 2018 20:13:05.93 [6316:4672:1123/201305.926:ERROR:CONSOLE(108)] "Uncaught (in promise) Error: Could not instantiate: ProductRegistryImpl.Registry", source: chrome-devtools://devtools/bundled/shell.js (108)
11月 23, 2018 20:13:05.93 [6316:4672:1123/201305.926:ERROR:CONSOLE(108)] "Uncaught (in promise) Error: Could not instantiate: ProductRegistryImpl.Registry", source: chrome-devtools://devtools/bundled/shell.js (108)
11月 23, 2018 20:13:05.93 [6316:4672:1123/201305.926:ERROR:CONSOLE(108)] "Uncaught (in promise) Error: Could not instantiate: ProductRegistryImpl.Registry", source: chrome-devtools://devtools/bundled/shell.js (108)
11月 23, 2018 20:13:05.93 [6316:4672:1123/201305.926:ERROR:CONSOLE(108)] "Uncaught (in promise) Error: Could not instantiate: ProductRegistryImpl.Registry", source: chrome-devtools://devtools/bundled/shell.js (108)
11月 23, 2018 20:13:05.93 [6316:4672:1123/201305.926:ERROR:CONSOLE(108)] "Uncaught (in promise) Error: Could not instantiate: ProductRegistryImpl.Registry", source: chrome-devtools://devtools/bundled/shell.js (108)
11月 23, 2018 20:13:05.93 [6316:4672:1123/201305.926:ERROR:CONSOLE(108)] "Uncaught (in promise) Error: Could not instantiate: ProductRegistryImpl.Registry", source: chrome-devtools://devtools/bundled/shell.js (108)
11月 23, 2018 20:13:05.93 [6316:4672:1123/201305.926:ERROR:CONSOLE(108)] "Uncaught (in promise) Error: Could not instantiate: ProductRegistryImpl.Registry", source: chrome-devtools://devtools/bundled/shell.js (108)
11月 23, 2018 20:13:05.93 [6316:4672:1123/201305.926:ERROR:CONSOLE(108)] "Uncaught (in promise) Error: Could not instantiate: ProductRegistryImpl.Registry", source: chrome-devtools://devtools/bundled/shell.js (108)
11月 23, 2018 20:13:05.93 [6316:4672:1123/201305.926:ERROR:CONSOLE(108)] "Uncaught (in promise) Error: Could not instantiate: ProductRegistryImpl.Registry", source: chrome-devtools://devtools/bundled/shell.js (108)
11月 23, 2018 20:13:05.93 [6316:4672:1123/201305.930:ERROR:CONSOLE(108)] "Uncaught (in promise) Error: Could not instantiate: ProductRegistryImpl.Registry", source: chrome-devtools://devtools/bundled/shell.js (108)
11月 23, 2018 20:13:05.93 [6316:4672:1123/201305.930:ERROR:CONSOLE(108)] "Uncaught (in promise) Error: Could not instantiate: ProductRegistryImpl.Registry", source: chrome-devtools://devtools/bundled/shell.js (108)
11月 23, 2018 20:13:05.93 [6316:4672:1123/201305.930:ERROR:CONSOLE(108)] "Uncaught (in promise) Error: Could not instantiate: ProductRegistryImpl.Registry", source: chrome-devtools://devtools/bundled/shell.js (108)
11月 23, 2018 20:13:05.93 [6316:4672:1123/201305.930:ERROR:CONSOLE(108)] "Uncaught (in promise) Error: Could not instantiate: ProductRegistryImpl.Registry", source: chrome-devtools://devtools/bundled/shell.js (108)
11月 23, 2018 20:13:05.93 [6316:4672:1123/201305.930:ERROR:CONSOLE(108)] "Uncaught (in promise) Error: Could not instantiate: ProductRegistryImpl.Registry", source: chrome-devtools://devtools/bundled/shell.js (108)
11月 23, 2018 20:13:05.93 [6316:4672:1123/201305.930:ERROR:CONSOLE(108)] "Uncaught (in promise) Error: Could not instantiate: ProductRegistryImpl.Registry", source: chrome-devtools://devtools/bundled/shell.js (108)
11月 23, 2018 20:13:05.93 [6316:4672:1123/201305.930:ERROR:CONSOLE(108)] "Uncaught (in promise) Error: Could not instantiate: ProductRegistryImpl.Registry", source: chrome-devtools://devtools/bundled/shell.js (108)
11月 23, 2018 20:13:05.93 [6316:4672:1123/201305.930:ERROR:CONSOLE(108)] "Uncaught (in promise) Error: Could not instantiate: ProductRegistryImpl.Registry", source: chrome-devtools://devtools/bundled/shell.js (108)
11月 23, 2018 20:13:05.93 [6316:4672:1123/201305.930:ERROR:CONSOLE(108)] "Uncaught (in promise) Error: Could not instantiate: ProductRegistryImpl.Registry", source: chrome-devtools://devtools/bundled/shell.js (108)
11月 23, 2018 20:13:05.93 [6316:4672:1123/201305.930:ERROR:CONSOLE(108)] "Uncaught (in promise) Error: Could not instantiate: ProductRegistryImpl.Registry", source: chrome-devtools://devtools/bundled/shell.js (108)
11月 23, 2018 20:13:05.93 [6316:4672:1123/201305.930:ERROR:CONSOLE(108)] "Uncaught (in promise) Error: Could not instantiate: ProductRegistryImpl.Registry", source: chrome-devtools://devtools/bundled/shell.js (108)
11月 23, 2018 20:13:05.93 [6316:4672:1123/201305.930:ERROR:CONSOLE(108)] "Uncaught (in promise) Error: Could not instantiate: ProductRegistryImpl.Registry", source: chrome-devtools://devtools/bundled/shell.js (108)
11月 23, 2018 20:13:05.93 [6316:4672:1123/201305.930:ERROR:CONSOLE(108)] "Uncaught (in promise) Error: Could not instantiate: ProductRegistryImpl.Registry", source: chrome-devtools://devtools/bundled/shell.js (108)
11月 23, 2018 20:13:05.93 [6316:4672:1123/201305.930:ERROR:CONSOLE(108)] "Uncaught (in promise) Error: Could not instantiate: ProductRegistryImpl.Registry", source: chrome-devtools://devtools/bundled/shell.js (108)
11月 23, 2018 20:13:05.93 [6316:4672:1123/201305.930:ERROR:CONSOLE(108)] "Uncaught (in promise) Error: Could not instantiate: ProductRegistryImpl.Registry", source: chrome-devtools://devtools/bundled/shell.js (108)
11月 23, 2018 20:13:05.93 [6316:4672:1123/201305.930:ERROR:CONSOLE(108)] "Uncaught (in promise) Error: Could not instantiate: ProductRegistryImpl.Registry", source: chrome-devtools://devtools/bundled/shell.js (108)
11月 23, 2018 20:13:05.93 [6316:4672:1123/201305.930:ERROR:CONSOLE(108)] "Uncaught (in promise) Error: Could not instantiate: ProductRegistryImpl.Registry", source: chrome-devtools://devtools/bundled/shell.js (108)
11月 23, 2018 20:13:05.93 [6316:4672:1123/201305.930:ERROR:CONSOLE(108)] "Uncaught (in promise) Error: Could not instantiate: ProductRegistryImpl.Registry", source: chrome-devtools://devtools/bundled/shell.js (108)
11月 23, 2018 20:13:05.93 [6316:4672:1123/201305.930:ERROR:CONSOLE(108)] "Uncaught (in promise) Error: Could not instantiate: ProductRegistryImpl.Registry", source: chrome-devtools://devtools/bundled/shell.js (108)
11月 23, 2018 20:13:05.93 [6316:4672:1123/201305.930:ERROR:CONSOLE(108)] "Uncaught (in promise) Error: Could not instantiate: ProductRegistryImpl.Registry", source: chrome-devtools://devtools/bundled/shell.js (108)
11月 23, 2018 20:13:05.93 [6316:4672:1123/201305.931:ERROR:CONSOLE(108)] "Uncaught (in promise) Error: Could not instantiate: ProductRegistryImpl.Registry", source: chrome-devtools://devtools/bundled/shell.js (108)
11月 23, 2018 20:13:05.93 [6316:4672:1123/201305.931:ERROR:CONSOLE(108)] "Uncaught (in promise) Error: Could not instantiate: ProductRegistryImpl.Registry", source: chrome-devtools://devtools/bundled/shell.js (108)
11月 23, 2018 20:13:05.93 [6316:4672:1123/201305.933:ERROR:CONSOLE(108)] "Uncaught (in promise) Error: Could not instantiate: ProductRegistryImpl.Registry", source: chrome-devtools://devtools/bundled/shell.js (108)
11月 23, 2018 20:13:05.93 [6316:4672:1123/201305.933:ERROR:CONSOLE(108)] "Uncaught (in promise) Error: Could not instantiate: ProductRegistryImpl.Registry", source: chrome-devtools://devtools/bundled/shell.js (108)
11月 23, 2018 20:13:05.93 [6316:4672:1123/201305.933:ERROR:CONSOLE(108)] "Uncaught (in promise) Error: Could not instantiate: ProductRegistryImpl.Registry", source: chrome-devtools://devtools/bundled/shell.js (108)
11月 23, 2018 20:13:05.93 [6316:4672:1123/201305.933:ERROR:CONSOLE(108)] "Uncaught (in promise) Error: Could not instantiate: ProductRegistryImpl.Registry", source: chrome-devtools://devtools/bundled/shell.js (108)
11月 23, 2018 20:13:05.93 [6316:4672:1123/201305.933:ERROR:CONSOLE(108)] "Uncaught (in promise) Error: Could not instantiate: ProductRegistryImpl.Registry", source: chrome-devtools://devtools/bundled/shell.js (108)
11月 23, 2018 20:13:05.93 [6316:4672:1123/201305.933:ERROR:CONSOLE(108)] "Uncaught (in promise) Error: Could not instantiate: ProductRegistryImpl.Registry", source: chrome-devtools://devtools/bundled/shell.js (108)
11月 23, 2018 20:13:05.93 [6316:4672:1123/201305.933:ERROR:CONSOLE(108)] "Uncaught (in promise) Error: Could not instantiate: ProductRegistryImpl.Registry", source: chrome-devtools://devtools/bundled/shell.js (108)
11月 23, 2018 20:13:05.93 [6316:4672:1123/201305.933:ERROR:CONSOLE(108)] "Uncaught (in promise) Error: Could not instantiate: ProductRegistryImpl.Registry", source: chrome-devtools://devtools/bundled/shell.js (108)
11月 23, 2018 20:13:05.93 [6316:4672:1123/201305.933:ERROR:CONSOLE(108)] "Uncaught (in promise) Error: Could not instantiate: ProductRegistryImpl.Registry", source: chrome-devtools://devtools/bundled/shell.js (108)
11月 23, 2018 20:13:05.93 [6316:4672:1123/201305.933:ERROR:CONSOLE(108)] "Uncaught (in promise) Error: Could not instantiate: ProductRegistryImpl.Registry", source: chrome-devtools://devtools/bundled/shell.js (108)
11月 23, 2018 20:13:05.93 [6316:4672:1123/201305.933:ERROR:CONSOLE(108)] "Uncaught (in promise) Error: Could not instantiate: ProductRegistryImpl.Registry", source: chrome-devtools://devtools/bundled/shell.js (108)
11月 23, 2018 20:13:05.93 [6316:4672:1123/201305.933:ERROR:CONSOLE(108)] "Uncaught (in promise) Error: Could not instantiate: ProductRegistryImpl.Registry", source: chrome-devtools://devtools/bundled/shell.js (108)
11月 23, 2018 20:13:05.93 [6316:4672:1123/201305.933:ERROR:CONSOLE(108)] "Uncaught (in promise) Error: Could not instantiate: ProductRegistryImpl.Registry", source: chrome-devtools://devtools/bundled/shell.js (108)
11月 23, 2018 20:13:05.93 [6316:4672:1123/201305.933:ERROR:CONSOLE(108)] "Uncaught (in promise) Error: Could not instantiate: ProductRegistryImpl.Registry", source: chrome-devtools://devtools/bundled/shell.js (108)
11月 23, 2018 20:13:05.93 [6316:4672:1123/201305.933:ERROR:CONSOLE(108)] "Uncaught (in promise) Error: Could not instantiate: ProductRegistryImpl.Registry", source: chrome-devtools://devtools/bundled/shell.js (108)
11月 23, 2018 20:13:05.93 [6316:4672:1123/201305.933:ERROR:CONSOLE(108)] "Uncaught (in promise) Error: Could not instantiate: ProductRegistryImpl.Registry", source: chrome-devtools://devtools/bundled/shell.js (108)
11月 23, 2018 20:13:05.93 [6316:4672:1123/201305.933:ERROR:CONSOLE(108)] "Uncaught (in promise) Error: Could not instantiate: ProductRegistryImpl.Registry", source: chrome-devtools://devtools/bundled/shell.js (108)
11月 23, 2018 20:13:05.93 [6316:4672:1123/201305.933:ERROR:CONSOLE(108)] "Uncaught (in promise) Error: Could not instantiate: ProductRegistryImpl.Registry", source: chrome-devtools://devtools/bundled/shell.js (108)
11月 23, 2018 20:13:05.93 [6316:4672:1123/201305.933:ERROR:CONSOLE(108)] "Uncaught (in promise) Error: Could not instantiate: ProductRegistryImpl.Registry", source: chrome-devtools://devtools/bundled/shell.js (108)
11月 23, 2018 20:13:05.93 [6316:4672:1123/201305.933:ERROR:CONSOLE(108)] "Uncaught (in promise) Error: Could not instantiate: ProductRegistryImpl.Registry", source: chrome-devtools://devtools/bundled/shell.js (108)
11月 23, 2018 20:13:05.93 [6316:4672:1123/201305.933:ERROR:CONSOLE(108)] "Uncaught (in promise) Error: Could not instantiate: ProductRegistryImpl.Registry", source: chrome-devtools://devtools/bundled/shell.js (108)
11月 23, 2018 20:13:05.93 [6316:4672:1123/201305.933:ERROR:CONSOLE(108)] "Uncaught (in promise) Error: Could not instantiate: ProductRegistryImpl.Registry", source: chrome-devtools://devtools/bundled/shell.js (108)
11月 23, 2018 20:13:05.93 [6316:4672:1123/201305.936:ERROR:CONSOLE(108)] "Uncaught (in promise) Error: Could not instantiate: ProductRegistryImpl.Registry", source: chrome-devtools://devtools/bundled/shell.js (108)
11月 23, 2018 22:09:12.47 [7776:6156:1123/220912.470:ERROR:CONSOLE(24)] "Empty response arrived for script 'chrome-devtools://devtools/remote/serve_file/@0f6ce0b0cd63a12cb4eccea3637b1bc9a29148d9/product_registry_impl/product_registry_impl_module.js'", source: chrome-devtools://devtools/bundled/shell.js (24)
11月 23, 2018 22:09:12.47 [7776:6156:1123/220912.470:ERROR:CONSOLE(108)] "Uncaught (in promise) Error: Could not instantiate: ProductRegistryImpl.Registry", source: chrome-devtools://devtools/bundled/shell.js (108)
11月 23, 2018 22:09:12.47 [7776:6156:1123/220912.470:ERROR:CONSOLE(108)] "Uncaught (in promise) Error: Could not instantiate: ProductRegistryImpl.Registry", source: chrome-devtools://devtools/bundled/shell.js (108)
11月 23, 2018 22:09:12.47 [7776:6156:1123/220912.470:ERROR:CONSOLE(108)] "Uncaught (in promise) Error: Could not instantiate: ProductRegistryImpl.Registry", source: chrome-devtools://devtools/bundled/shell.js (108)
11月 23, 2018 22:09:12.47 [7776:6156:1123/220912.470:ERROR:CONSOLE(108)] "Uncaught (in promise) Error: Could not instantiate: ProductRegistryImpl.Registry", source: chrome-devtools://devtools/bundled/shell.js (108)
11月 23, 2018 22:09:15.26 [7776:6156:1123/220915.269:ERROR:CONSOLE(0)] "Not allowed to load local resource: file:///C:/fakepath/Penguins.jpg", source: chrome-devtools://devtools/bundled/devtools_app.html?remoteBase=https://chrome-devtools-frontend.appspot.com/serve_file/@0f6ce0b0cd63a12cb4eccea3637b1bc9a29148d9/&can_dock=true&dockSide=undocked (0)
11月 23, 2018 22:09:15.26 [7776:6156:1123/220915.269:ERROR:CONSOLE(108)] "Uncaught (in promise) Error: Could not instantiate: ProductRegistryImpl.Registry", source: chrome-devtools://devtools/bundled/shell.js (108)
11月 23, 2018 22:09:19.11 [7776:6156:1123/220919.116:ERROR:CONSOLE(108)] "Uncaught (in promise) Error: Could not instantiate: ProductRegistryImpl.Registry", source: chrome-devtools://devtools/bundled/shell.js (108)
11月 23, 2018 22:09:19.15 [7776:6156:1123/220919.155:ERROR:CONSOLE(108)] "Uncaught (in promise) Error: Could not instantiate: ProductRegistryImpl.Registry", source: chrome-devtools://devtools/bundled/shell.js (108)
11月 23, 2018 22:09:19.17 [7776:6156:1123/220919.179:ERROR:CONSOLE(108)] "Uncaught (in promise) Error: Could not instantiate: ProductRegistryImpl.Registry", source: chrome-devtools://devtools/bundled/shell.js (108)
11月 23, 2018 22:09:19.17 [7776:6156:1123/220919.179:ERROR:CONSOLE(108)] "Uncaught (in promise) Error: Could not instantiate: ProductRegistryImpl.Registry", source: chrome-devtools://devtools/bundled/shell.js (108)
11月 23, 2018 22:09:19.17 [7776:6156:1123/220919.179:ERROR:CONSOLE(108)] "Uncaught (in promise) Error: Could not instantiate: ProductRegistryImpl.Registry", source: chrome-devtools://devtools/bundled/shell.js (108)
11月 23, 2018 22:09:26.96 [7776:6156:1123/220926.969:ERROR:CONSOLE(108)] "Uncaught (in promise) Error: Could not instantiate: ProductRegistryImpl.Registry", source: chrome-devtools://devtools/bundled/shell.js (108)
11月 23, 2018 22:09:26.96 [7776:6156:1123/220926.969:ERROR:CONSOLE(108)] "Uncaught (in promise) Error: Could not instantiate: ProductRegistryImpl.Registry", source: chrome-devtools://devtools/bundled/shell.js (108)
11月 23, 2018 22:09:26.96 [7776:6156:1123/220926.969:ERROR:CONSOLE(108)] "Uncaught (in promise) Error: Could not instantiate: ProductRegistryImpl.Registry", source: chrome-devtools://devtools/bundled/shell.js (108)
11月 23, 2018 23:32:05.39 [6216:6840:1123/233205.394:ERROR:CONSOLE(24)] "Empty response arrived for script 'chrome-devtools://devtools/remote/serve_file/@0f6ce0b0cd63a12cb4eccea3637b1bc9a29148d9/product_registry_impl/product_registry_impl_module.js'", source: chrome-devtools://devtools/bundled/shell.js (24)
11月 23, 2018 23:32:05.39 [6216:6840:1123/233205.394:ERROR:CONSOLE(108)] "Uncaught (in promise) Error: Could not instantiate: ProductRegistryImpl.Registry", source: chrome-devtools://devtools/bundled/shell.js (108)
11月 23, 2018 23:32:29.31 [6216:6840:1123/233229.313:ERROR:CONSOLE(108)] "Uncaught (in promise) Error: Could not instantiate: ProductRegistryImpl.Registry", source: chrome-devtools://devtools/bundled/shell.js (108)
11月 23, 2018 23:38:21.52 [6828:7364:1123/233821.523:ERROR:CONSOLE(24)] "Empty response arrived for script 'chrome-devtools://devtools/remote/serve_file/@0f6ce0b0cd63a12cb4eccea3637b1bc9a29148d9/product_registry_impl/product_registry_impl_module.js'", source: chrome-devtools://devtools/bundled/shell.js (24)
11月 23, 2018 23:38:21.52 [6828:7364:1123/233821.523:ERROR:CONSOLE(108)] "Uncaught (in promise) Error: Could not instantiate: ProductRegistryImpl.Registry", source: chrome-devtools://devtools/bundled/shell.js (108)
11月 23, 2018 23:38:21.52 [6828:7364:1123/233821.523:ERROR:CONSOLE(108)] "Uncaught (in promise) Error: Could not instantiate: ProductRegistryImpl.Registry", source: chrome-devtools://devtools/bundled/shell.js (108)
11月 23, 2018 23:38:21.52 [6828:7364:1123/233821.523:ERROR:CONSOLE(108)] "Uncaught (in promise) Error: Could not instantiate: ProductRegistryImpl.Registry", source: chrome-devtools://devtools/bundled/shell.js (108)
11月 23, 2018 23:38:21.52 [6828:7364:1123/233821.523:ERROR:CONSOLE(108)] "Uncaught (in promise) Error: Could not instantiate: ProductRegistryImpl.Registry", source: chrome-devtools://devtools/bundled/shell.js (108)
11月 23, 2018 23:38:21.52 [6828:7364:1123/233821.523:ERROR:CONSOLE(108)] "Uncaught (in promise) Error: Could not instantiate: ProductRegistryImpl.Registry", source: chrome-devtools://devtools/bundled/shell.js (108)
11月 23, 2018 23:38:21.52 [6828:7364:1123/233821.523:ERROR:CONSOLE(108)] "Uncaught (in promise) Error: Could not instantiate: ProductRegistryImpl.Registry", source: chrome-devtools://devtools/bundled/shell.js (108)
11月 23, 2018 23:38:21.52 [6828:7364:1123/233821.523:ERROR:CONSOLE(108)] "Uncaught (in promise) Error: Could not instantiate: ProductRegistryImpl.Registry", source: chrome-devtools://devtools/bundled/shell.js (108)
11月 23, 2018 23:40:03.69 [7964:6276:1123/234003.691:ERROR:input_method_base.cc(146)] NOT IMPLEMENTEDUsing InputMethodKeyboardControllerStub
11月 25, 2018 18:26:27.45 [6552:6864:1125/182627.453:ERROR:input_method_base.cc(146)] NOT IMPLEMENTEDUsing InputMethodKeyboardControllerStub
11月 25, 2018 18:29:33.69 [3548:8112:1125/182933.695:ERROR:input_method_base.cc(146)] NOT IMPLEMENTEDUsing InputMethodKeyboardControllerStub
11月 28, 2018 14:57:40.67 [4284:7384:1128/145740.676:ERROR:input_method_base.cc(146)] NOT IMPLEMENTEDUsing InputMethodKeyboardControllerStub
11月 28, 2018 14:58:01.04 [6792:2064:1128/145801.045:ERROR:input_method_base.cc(146)] NOT IMPLEMENTEDUsing InputMethodKeyboardControllerStub
11月 28, 2018 15:02:16.29 [6748:3964:1128/150216.291:ERROR:input_method_base.cc(146)] NOT IMPLEMENTEDUsing InputMethodKeyboardControllerStub
11月 28, 2018 15:03:32.00 [6748:3964:1128/150332.001:ERROR:CONSOLE(24)] "Empty response arrived for script 'chrome-devtools://devtools/remote/serve_file/@0f6ce0b0cd63a12cb4eccea3637b1bc9a29148d9/product_registry_impl/product_registry_impl_module.js'", source: chrome-devtools://devtools/bundled/shell.js (24)
11月 28, 2018 15:03:32.00 [6748:3964:1128/150332.002:ERROR:CONSOLE(108)] "Uncaught (in promise) Error: Could not instantiate: ProductRegistryImpl.Registry", source: chrome-devtools://devtools/bundled/shell.js (108)
11月 28, 2018 15:03:32.00 [6748:3964:1128/150332.002:ERROR:CONSOLE(108)] "Uncaught (in promise) Error: Could not instantiate: ProductRegistryImpl.Registry", source: chrome-devtools://devtools/bundled/shell.js (108)
11月 28, 2018 15:03:32.00 [6748:3964:1128/150332.002:ERROR:CONSOLE(108)] "Uncaught (in promise) Error: Could not instantiate: ProductRegistryImpl.Registry", source: chrome-devtools://devtools/bundled/shell.js (108)
11月 28, 2018 15:03:33.17 [6748:3964:1128/150333.175:ERROR:CONSOLE(108)] "Uncaught (in promise) Error: Could not instantiate: ProductRegistryImpl.Registry", source: chrome-devtools://devtools/bundled/shell.js (108)
11月 28, 2018 15:03:33.19 [6748:3964:1128/150333.191:ERROR:CONSOLE(108)] "Uncaught (in promise) Error: Could not instantiate: ProductRegistryImpl.Registry", source: chrome-devtools://devtools/bundled/shell.js (108)
11月 28, 2018 15:03:42.50 [6748:3964:1128/150342.505:ERROR:CONSOLE(108)] "Uncaught (in promise) Error: Could not instantiate: ProductRegistryImpl.Registry", source: chrome-devtools://devtools/bundled/shell.js (108)
11月 28, 2018 15:03:42.55 [6748:3964:1128/150342.552:ERROR:CONSOLE(108)] "Uncaught (in promise) Error: Could not instantiate: ProductRegistryImpl.Registry", source: chrome-devtools://devtools/bundled/shell.js (108)
11月 28, 2018 15:03:44.93 [6748:3964:1128/150344.936:ERROR:CONSOLE(108)] "Uncaught (in promise) Error: Could not instantiate: ProductRegistryImpl.Registry", source: chrome-devtools://devtools/bundled/shell.js (108)
11月 28, 2018 15:04:05.55 [6748:3964:1128/150405.550:ERROR:CONSOLE(108)] "Uncaught (in promise) Error: Could not instantiate: ProductRegistryImpl.Registry", source: chrome-devtools://devtools/bundled/shell.js (108)
11月 28, 2018 15:04:05.61 [6748:3964:1128/150405.618:ERROR:CONSOLE(108)] "Uncaught (in promise) Error: Could not instantiate: ProductRegistryImpl.Registry", source: chrome-devtools://devtools/bundled/shell.js (108)
11月 28, 2018 15:04:05.66 [6748:3964:1128/150405.664:ERROR:CONSOLE(108)] "Uncaught (in promise) Error: Could not instantiate: ProductRegistryImpl.Registry", source: chrome-devtools://devtools/bundled/shell.js (108)
11月 28, 2018 15:04:08.80 [6748:3964:1128/150408.807:ERROR:CONSOLE(108)] "Uncaught (in promise) Error: Could not instantiate: ProductRegistryImpl.Registry", source: chrome-devtools://devtools/bundled/shell.js (108)
11月 28, 2018 15:05:57.92 [8432:8436:1128/150557.925:ERROR:input_method_base.cc(146)] NOT IMPLEMENTEDUsing InputMethodKeyboardControllerStub
11月 28, 2018 15:10:34.12 [6748:7172:1128/151034.126:ERROR:input_method_base.cc(146)] NOT IMPLEMENTEDUsing InputMethodKeyboardControllerStub
11月 28, 2018 15:19:08.54 [4656:8080:1128/151908.541:ERROR:input_method_base.cc(146)] NOT IMPLEMENTEDUsing InputMethodKeyboardControllerStub
11月 28, 2018 18:06:20.87 [7052:8656:1128/180620.876:ERROR:input_method_base.cc(146)] NOT IMPLEMENTEDUsing InputMethodKeyboardControllerStub
11月 28, 2018 18:20:41.62 [6336:6152:1128/182041.620:ERROR:input_method_base.cc(146)] NOT IMPLEMENTEDUsing InputMethodKeyboardControllerStub
11月 28, 2018 18:21:54.35 [4584:5952:1128/182154.358:ERROR:input_method_base.cc(146)] NOT IMPLEMENTEDUsing InputMethodKeyboardControllerStub
11月 28, 2018 18:25:12.68 [9176:3144:1128/182512.685:ERROR:input_method_base.cc(146)] NOT IMPLEMENTEDUsing InputMethodKeyboardControllerStub
11月 28, 2018 18:51:49.23 [5784:3080:1128/185149.238:ERROR:input_method_base.cc(146)] NOT IMPLEMENTEDUsing InputMethodKeyboardControllerStub
11月 29, 2018 08:59:41.50 [9188:1732:1129/085941.500:ERROR:CONSOLE(24)] "Empty response arrived for script 'chrome-devtools://devtools/remote/serve_file/@0f6ce0b0cd63a12cb4eccea3637b1bc9a29148d9/product_registry_impl/product_registry_impl_module.js'", source: chrome-devtools://devtools/bundled/shell.js (24)
11月 29, 2018 08:59:41.50 [9188:1732:1129/085941.500:ERROR:CONSOLE(108)] "Uncaught (in promise) Error: Could not instantiate: ProductRegistryImpl.Registry", source: chrome-devtools://devtools/bundled/shell.js (108)
11月 29, 2018 08:59:41.50 [9188:1732:1129/085941.500:ERROR:CONSOLE(108)] "Uncaught (in promise) Error: Could not instantiate: ProductRegistryImpl.Registry", source: chrome-devtools://devtools/bundled/shell.js (108)
11月 29, 2018 08:59:41.50 [9188:1732:1129/085941.500:ERROR:CONSOLE(108)] "Uncaught (in promise) Error: Could not instantiate: ProductRegistryImpl.Registry", source: chrome-devtools://devtools/bundled/shell.js (108)
11月 29, 2018 09:01:10.93 [5336:7100:1129/090110.932:ERROR:input_method_base.cc(146)] NOT IMPLEMENTEDUsing InputMethodKeyboardControllerStub
11月 29, 2018 18:07:32.42 [7552:8656:1129/180732.429:ERROR:input_method_base.cc(146)] NOT IMPLEMENTEDUsing InputMethodKeyboardControllerStub
